
============================================================
Iteration 1 | bonus | 3.6s
Input: 0.0.0.0
Running the IPv4 parser with ipstr: 0.0.0.0
A functional bug has been triggered: Invalid ipv4 calculation.
============================================================
TRACEBACK
============================================================
============================================================
Saved bug count report and tracebacks for the bugs encountered!
Final bug count: defaultdict(<class 'int'>, {('functional', <class 'buggy_ipyparse.ipv4_stv.FunctionalBug'>, 'Invalid ipv4 calculation.', 'buggy_ipyparse\\ipv4_stv.py', 134): 1})
[STDERR]
Traceback (most recent call last):
  File "ipv4_parser_stv.py", line 220, in <module>
  File "pyparsing\core.py", line 1328, in parse_string
  File "pyparsing\core.py", line 989, in _parseNoCache
  File "pyparsing\core.py", line 284, in wrapper
  File "buggy_ipyparse\ipv4_stv.py", line 134, in convert_ipv4
buggy_ipyparse.ipv4_stv.FunctionalBug: Invalid ipv4 calculation.

============================================================
Iteration 4 | bonus | 13.9s
Input: 127.0.0.1
Running the IPv4 parser with ipstr: 127.0.0.1
A functional bug has been triggered: Invalid ipv4 calculation.
============================================================
TRACEBACK
============================================================
============================================================
Saved bug count report and tracebacks for the bugs encountered!
Final bug count: defaultdict(<class 'int'>, {('functional', <class 'buggy_ipyparse.ipv4_stv.FunctionalBug'>, 'Invalid ipv4 calculation.', 'buggy_ipyparse\\ipv4_stv.py', 134): 1})
[STDERR]
Traceback (most recent call last):
  File "ipv4_parser_stv.py", line 220, in <module>
  File "pyparsing\core.py", line 1328, in parse_string
  File "pyparsing\core.py", line 989, in _parseNoCache
  File "pyparsing\core.py", line 284, in wrapper
  File "buggy_ipyparse\ipv4_stv.py", line 134, in convert_ipv4
buggy_ipyparse.ipv4_stv.FunctionalBug: Invalid ipv4 calculation.

============================================================
Iteration 6 | bonus | 20.8s
Input: 192.168.0.0
Running the IPv4 parser with ipstr: 192.168.0.0
A functional bug has been triggered: Invalid ipv4 calculation.
============================================================
TRACEBACK
============================================================
============================================================
Saved bug count report and tracebacks for the bugs encountered!
Final bug count: defaultdict(<class 'int'>, {('functional', <class 'buggy_ipyparse.ipv4_stv.FunctionalBug'>, 'Invalid ipv4 calculation.', 'buggy_ipyparse\\ipv4_stv.py', 134): 1})
[STDERR]
Traceback (most recent call last):
  File "ipv4_parser_stv.py", line 220, in <module>
  File "pyparsing\core.py", line 1328, in parse_string
  File "pyparsing\core.py", line 989, in _parseNoCache
  File "pyparsing\core.py", line 284, in wrapper
  File "buggy_ipyparse\ipv4_stv.py", line 134, in convert_ipv4
buggy_ipyparse.ipv4_stv.FunctionalBug: Invalid ipv4 calculation.

============================================================
Iteration 7 | bonus | 24.2s
Input: 10.0.0.1
Running the IPv4 parser with ipstr: 10.0.0.1
A functional bug has been triggered: Invalid ipv4 calculation.
============================================================
TRACEBACK
============================================================
============================================================
Saved bug count report and tracebacks for the bugs encountered!
Final bug count: defaultdict(<class 'int'>, {('functional', <class 'buggy_ipyparse.ipv4_stv.FunctionalBug'>, 'Invalid ipv4 calculation.', 'buggy_ipyparse\\ipv4_stv.py', 134): 1})
[STDERR]
Traceback (most recent call last):
  File "ipv4_parser_stv.py", line 220, in <module>
  File "pyparsing\core.py", line 1328, in parse_string
  File "pyparsing\core.py", line 989, in _parseNoCache
  File "pyparsing\core.py", line 284, in wrapper
  File "buggy_ipyparse\ipv4_stv.py", line 134, in convert_ipv4
buggy_ipyparse.ipv4_stv.FunctionalBug: Invalid ipv4 calculation.

============================================================
Iteration 8 | bonus | 27.8s
Input: 172.16.0.1
Running the IPv4 parser with ipstr: 172.16.0.1
A functional bug has been triggered: Invalid ipv4 calculation.
============================================================
TRACEBACK
============================================================
============================================================
Saved bug count report and tracebacks for the bugs encountered!
Final bug count: defaultdict(<class 'int'>, {('functional', <class 'buggy_ipyparse.ipv4_stv.FunctionalBug'>, 'Invalid ipv4 calculation.', 'buggy_ipyparse\\ipv4_stv.py', 134): 1})
[STDERR]
Traceback (most recent call last):
  File "ipv4_parser_stv.py", line 220, in <module>
  File "pyparsing\core.py", line 1328, in parse_string
  File "pyparsing\core.py", line 989, in _parseNoCache
  File "pyparsing\core.py", line 284, in wrapper
  File "buggy_ipyparse\ipv4_stv.py", line 134, in convert_ipv4
buggy_ipyparse.ipv4_stv.FunctionalBug: Invalid ipv4 calculation.

============================================================
Iteration 10 | bonus | 35.3s
Input: 0.0.0.1
Running the IPv4 parser with ipstr: 0.0.0.1
A functional bug has been triggered: Invalid ipv4 calculation.
============================================================
TRACEBACK
============================================================
============================================================
Saved bug count report and tracebacks for the bugs encountered!
Final bug count: defaultdict(<class 'int'>, {('functional', <class 'buggy_ipyparse.ipv4_stv.FunctionalBug'>, 'Invalid ipv4 calculation.', 'buggy_ipyparse\\ipv4_stv.py', 134): 1})
[STDERR]
Traceback (most recent call last):
  File "ipv4_parser_stv.py", line 220, in <module>
  File "pyparsing\core.py", line 1328, in parse_string
  File "pyparsing\core.py", line 989, in _parseNoCache
  File "pyparsing\core.py", line 284, in wrapper
  File "buggy_ipyparse\ipv4_stv.py", line 134, in convert_ipv4
buggy_ipyparse.ipv4_stv.FunctionalBug: Invalid ipv4 calculation.

============================================================
Iteration 11 | bonus | 39.1s
Input: 0.0.1.0
Running the IPv4 parser with ipstr: 0.0.1.0
A functional bug has been triggered: Invalid ipv4 calculation.
============================================================
TRACEBACK
============================================================
============================================================
Saved bug count report and tracebacks for the bugs encountered!
Final bug count: defaultdict(<class 'int'>, {('functional', <class 'buggy_ipyparse.ipv4_stv.FunctionalBug'>, 'Invalid ipv4 calculation.', 'buggy_ipyparse\\ipv4_stv.py', 134): 1})
[STDERR]
Traceback (most recent call last):
  File "ipv4_parser_stv.py", line 220, in <module>
  File "pyparsing\core.py", line 1328, in parse_string
  File "pyparsing\core.py", line 989, in _parseNoCache
  File "pyparsing\core.py", line 284, in wrapper
  File "buggy_ipyparse\ipv4_stv.py", line 134, in convert_ipv4
buggy_ipyparse.ipv4_stv.FunctionalBug: Invalid ipv4 calculation.

============================================================
Iteration 12 | bonus | 42.9s
Input: 0.1.0.0
Running the IPv4 parser with ipstr: 0.1.0.0
A functional bug has been triggered: Invalid ipv4 calculation.
============================================================
TRACEBACK
============================================================
============================================================
Saved bug count report and tracebacks for the bugs encountered!
Final bug count: defaultdict(<class 'int'>, {('functional', <class 'buggy_ipyparse.ipv4_stv.FunctionalBug'>, 'Invalid ipv4 calculation.', 'buggy_ipyparse\\ipv4_stv.py', 134): 1})
[STDERR]
Traceback (most recent call last):
  File "ipv4_parser_stv.py", line 220, in <module>
  File "pyparsing\core.py", line 1328, in parse_string
  File "pyparsing\core.py", line 989, in _parseNoCache
  File "pyparsing\core.py", line 284, in wrapper
  File "buggy_ipyparse\ipv4_stv.py", line 134, in convert_ipv4
buggy_ipyparse.ipv4_stv.FunctionalBug: Invalid ipv4 calculation.

============================================================
Iteration 13 | bonus | 46.6s
Input: 1.0.0.0
Running the IPv4 parser with ipstr: 1.0.0.0
A functional bug has been triggered: Invalid ipv4 calculation.
============================================================
TRACEBACK
============================================================
============================================================
Saved bug count report and tracebacks for the bugs encountered!
Final bug count: defaultdict(<class 'int'>, {('functional', <class 'buggy_ipyparse.ipv4_stv.FunctionalBug'>, 'Invalid ipv4 calculation.', 'buggy_ipyparse\\ipv4_stv.py', 134): 1})
[STDERR]
Traceback (most recent call last):
  File "ipv4_parser_stv.py", line 220, in <module>
  File "pyparsing\core.py", line 1328, in parse_string
  File "pyparsing\core.py", line 989, in _parseNoCache
  File "pyparsing\core.py", line 284, in wrapper
  File "buggy_ipyparse\ipv4_stv.py", line 134, in convert_ipv4
buggy_ipyparse.ipv4_stv.FunctionalBug: Invalid ipv4 calculation.
