
============================================================
Iteration 1 | 2 | 0.0s
Input: '127.0.99999.1'
Running the IPv4 parser with ipstr: 127.0.99999.1
============================================================
TRACEBACK
============================================================
============================================================
Saved bug count report and tracebacks for the bugs encountered!
Final bug count: defaultdict(<class 'int'>, {('invalidity', <class 'pyparsing.exceptions.ParseException'>, "Expected '.', found '999'  (at char 8), (line:1, col:9)", 'pyparsing/core.py', 1340): 1})
[STDERR]
Traceback (most recent call last):
  File "ipv4_parser_stv.py", line 220, in <module>
  File "pyparsing/core.py", line 1340, in parse_string
pyparsing.exceptions.ParseException: Expected '.', found '999'  (at char 8), (line:1, col:9)

============================================================
Iteration 2 | 6 | 11.4s
Input: '239.255.255255.255255.255255.255255.255.255'
Running the IPv4 parser with ipstr: 239.255.255255.255255.255255.255255.255.255
============================================================
TRACEBACK
============================================================
============================================================
A validity bug has been triggered: Expected '.', found '5'  (at char 6), (line:1, col:7)
Saved bug count report and tracebacks for the bugs encountered!
Final bug count: defaultdict(<class 'int'>, {('validity', <class 'pyparsing.exceptions.ParseException'>, "Expected '.', found '5'  (at char 6), (line:1, col:7)", 'pyparsing/core.py', 1340): 1})
[STDERR]
Traceback (most recent call last):
  File "ipv4_parser_stv.py", line 220, in <module>
  File "pyparsing/core.py", line 1340, in parse_string
pyparsing.exceptions.ParseException: Expected '.', found '5'  (at char 6), (line:1, col:7)

============================================================
Iteration 3 | 2 | 22.8s
Input: '1.2.3{.4'
Running the IPv4 parser with ipstr: 1.2.3{.4
============================================================
TRACEBACK
============================================================
============================================================
Saved bug count report and tracebacks for the bugs encountered!
Final bug count: defaultdict(<class 'int'>, {('invalidity', <class 'pyparsing.exceptions.ParseException'>, "Expected '.', found '{'  (at char 5), (line:1, col:6)", 'pyparsing/core.py', 1340): 1})
[STDERR]
Traceback (most recent call last):
  File "ipv4_parser_stv.py", line 220, in <module>
  File "pyparsing/core.py", line 1340, in parse_string
pyparsing.exceptions.ParseException: Expected '.', found '{'  (at char 5), (line:1, col:6)

============================================================
Iteration 4 | 2 | 34.3s
Input: '1.720.99999.1'
Running the IPv4 parser with ipstr: 1.720.99999.1
============================================================
TRACEBACK
============================================================
============================================================
Saved bug count report and tracebacks for the bugs encountered!
Final bug count: defaultdict(<class 'int'>, {('invalidity', <class 'pyparsing.exceptions.ParseException'>, "Expected '.', found '0'  (at char 4), (line:1, col:5)", 'pyparsing/core.py', 1340): 1})
[STDERR]
Traceback (most recent call last):
  File "ipv4_parser_stv.py", line 220, in <module>
  File "pyparsing/core.py", line 1340, in parse_string
pyparsing.exceptions.ParseException: Expected '.', found '0'  (at char 4), (line:1, col:5)

============================================================
Iteration 5 | 2 | 45.7s
Input: '09.10.99.10.99.10.99.100'
Running the IPv4 parser with ipstr: 09.10.99.10.99.10.99.100
============================================================
TRACEBACK
============================================================
============================================================
Saved bug count report and tracebacks for the bugs encountered!
Final bug count: defaultdict(<class 'int'>, {('invalidity', <class 'pyparsing.exceptions.ParseException'>, "Expected end of text, found '.'  (at char 11), (line:1, col:12)", 'pyparsing/core.py', 1340): 1})
[STDERR]
Traceback (most recent call last):
  File "ipv4_parser_stv.py", line 220, in <module>
  File "pyparsing/core.py", line 1340, in parse_string
pyparsing.exceptions.ParseException: Expected end of text, found '.'  (at char 11), (line:1, col:12)

============================================================
Iteration 6 | 2 | 57.1s
Input: '1.2.3{.4.2.3{.4.2.3{.4.2.3{.4.2.3{.4.2.3{.4.2.3{.4.2.3{.4.2.3{.4'
Running the IPv4 parser with ipstr: 1.2.3{.4.2.3{.4.2.3{.4.2.3{.4.2.3{.4.2.3{.4.2.3{.4.2.3{.4.2.3{.4
============================================================
TRACEBACK
============================================================
============================================================
Saved bug count report and tracebacks for the bugs encountered!
Final bug count: defaultdict(<class 'int'>, {('invalidity', <class 'pyparsing.exceptions.ParseException'>, "Expected '.', found '{'  (at char 5), (line:1, col:6)", 'pyparsing/core.py', 1340): 1})
[STDERR]
Traceback (most recent call last):
  File "ipv4_parser_stv.py", line 220, in <module>
  File "pyparsing/core.py", line 1340, in parse_string
pyparsing.exceptions.ParseException: Expected '.', found '{'  (at char 5), (line:1, col:6)

============================================================
Iteration 7 | 2 | 68.5s
Input: '1.720.99999.1.99999.1'
Running the IPv4 parser with ipstr: 1.720.99999.1.99999.1
============================================================
TRACEBACK
============================================================
============================================================
Saved bug count report and tracebacks for the bugs encountered!
Final bug count: defaultdict(<class 'int'>, {('invalidity', <class 'pyparsing.exceptions.ParseException'>, "Expected '.', found '0'  (at char 4), (line:1, col:5)", 'pyparsing/core.py', 1340): 1})
[STDERR]
Traceback (most recent call last):
  File "ipv4_parser_stv.py", line 220, in <module>
  File "pyparsing/core.py", line 1340, in parse_string
pyparsing.exceptions.ParseException: Expected '.', found '0'  (at char 4), (line:1, col:5)

============================================================
Iteration 8 | 2 | 79.9s
Input: '1111111111.2.3.4'
Running the IPv4 parser with ipstr: 1111111111.2.3.4
============================================================
TRACEBACK
============================================================
============================================================
Saved bug count report and tracebacks for the bugs encountered!
Final bug count: defaultdict(<class 'int'>, {('invalidity', <class 'pyparsing.exceptions.ParseException'>, "Expected '.', found '1111111'  (at char 3), (line:1, col:4)", 'pyparsing/core.py', 1340): 1})
[STDERR]
Traceback (most recent call last):
  File "ipv4_parser_stv.py", line 220, in <module>
  File "pyparsing/core.py", line 1340, in parse_string
pyparsing.exceptions.ParseException: Expected '.', found '1111111'  (at char 3), (line:1, col:4)

============================================================
Iteration 9 | 6 | 91.4s
Input: '239.255.255255.255255.255255.255255.255.255'
Running the IPv4 parser with ipstr: 239.255.255255.255255.255255.255255.255.255
============================================================
TRACEBACK
============================================================
============================================================
A validity bug has been triggered: Expected '.', found '5'  (at char 6), (line:1, col:7)
Saved bug count report and tracebacks for the bugs encountered!
Final bug count: defaultdict(<class 'int'>, {('validity', <class 'pyparsing.exceptions.ParseException'>, "Expected '.', found '5'  (at char 6), (line:1, col:7)", 'pyparsing/core.py', 1340): 1})
[STDERR]
Traceback (most recent call last):
  File "ipv4_parser_stv.py", line 220, in <module>
  File "pyparsing/core.py", line 1340, in parse_string
pyparsing.exceptions.ParseException: Expected '.', found '5'  (at char 6), (line:1, col:7)

============================================================
Iteration 10 | 6 | 102.9s
Input: '2]55.255.255.255'
Running the IPv4 parser with ipstr: 2]55.255.255.255
============================================================
TRACEBACK
============================================================
============================================================
A validity bug has been triggered: Expected '.', found ']'  (at char 1), (line:1, col:2)
Saved bug count report and tracebacks for the bugs encountered!
Final bug count: defaultdict(<class 'int'>, {('validity', <class 'pyparsing.exceptions.ParseException'>, "Expected '.', found ']'  (at char 1), (line:1, col:2)", 'pyparsing/core.py', 1340): 1})
[STDERR]
Traceback (most recent call last):
  File "ipv4_parser_stv.py", line 220, in <module>
  File "pyparsing/core.py", line 1340, in parse_string
pyparsing.exceptions.ParseException: Expected '.', found ']'  (at char 1), (line:1, col:2)

============================================================
Iteration 11 | 2 | 114.4s
Input: '09.10.99........100'
Running the IPv4 parser with ipstr: 09.10.99........100
An invalidity bug has been triggered: One of the octets are empty
============================================================
TRACEBACK
============================================================
============================================================
Saved bug count report and tracebacks for the bugs encountered!
Final bug count: defaultdict(<class 'int'>, {('invalidity', <class 'buggy_ipyparse.ipv4_stv.InvalidityBug'>, 'One of the octets are empty', 'buggy_ipyparse/ipv4_stv.py', 80): 1})
[STDERR]
Traceback (most recent call last):
  File "ipv4_parser_stv.py", line 220, in <module>
  File "pyparsing/core.py", line 1328, in parse_string
  File "pyparsing/core.py", line 950, in _parseNoCache
  File "pyparsing/core.py", line 5155, in parseImpl
  File "pyparsing/core.py", line 950, in _parseNoCache
  File "pyparsing/core.py", line 4634, in parseImpl
  File "pyparsing/core.py", line 950, in _parseNoCache
  File "pyparsing/core.py", line 4634, in parseImpl
  File "pyparsing/core.py", line 989, in _parseNoCache
  File "pyparsing/core.py", line 281, in wrapper
  File "buggy_ipyparse/ipv4_stv.py", line 80, in convert_octet
buggy_ipyparse.ipv4_stv.InvalidityBug: One of the octets are empty

============================================================
Iteration 12 | 2 | 126.1s
Input: '1111111111.256.3.4'
Running the IPv4 parser with ipstr: 1111111111.256.3.4
============================================================
TRACEBACK
============================================================
============================================================
Saved bug count report and tracebacks for the bugs encountered!
Final bug count: defaultdict(<class 'int'>, {('invalidity', <class 'pyparsing.exceptions.ParseException'>, "Expected '.', found '1111111'  (at char 3), (line:1, col:4)", 'pyparsing/core.py', 1340): 1})
[STDERR]
Traceback (most recent call last):
  File "ipv4_parser_stv.py", line 220, in <module>
  File "pyparsing/core.py", line 1340, in parse_string
pyparsing.exceptions.ParseException: Expected '.', found '1111111'  (at char 3), (line:1, col:4)

============================================================
Iteration 13 | 2 | 140.7s
Input: '09..0.99.......1100'
Running the IPv4 parser with ipstr: 09..0.99.......1100
An invalidity bug has been triggered: One of the octets are empty
============================================================
TRACEBACK
============================================================
============================================================
Saved bug count report and tracebacks for the bugs encountered!
Final bug count: defaultdict(<class 'int'>, {('invalidity', <class 'buggy_ipyparse.ipv4_stv.InvalidityBug'>, 'One of the octets are empty', 'buggy_ipyparse/ipv4_stv.py', 80): 1})
[STDERR]
Traceback (most recent call last):
  File "ipv4_parser_stv.py", line 220, in <module>
  File "pyparsing/core.py", line 1328, in parse_string
  File "pyparsing/core.py", line 950, in _parseNoCache
  File "pyparsing/core.py", line 5155, in parseImpl
  File "pyparsing/core.py", line 950, in _parseNoCache
  File "pyparsing/core.py", line 4634, in parseImpl
  File "pyparsing/core.py", line 950, in _parseNoCache
  File "pyparsing/core.py", line 4634, in parseImpl
  File "pyparsing/core.py", line 989, in _parseNoCache
  File "pyparsing/core.py", line 281, in wrapper
  File "buggy_ipyparse/ipv4_stv.py", line 80, in convert_octet
buggy_ipyparse.ipv4_stv.InvalidityBug: One of the octets are empty

============================================================
Iteration 14 | 6 | 152.1s
Input: '2]55.255.255.255/-1'
Running the IPv4 parser with ipstr: 2]55.255.255.255/-1
============================================================
TRACEBACK
============================================================
============================================================
A validity bug has been triggered: Expected '.', found ']'  (at char 1), (line:1, col:2)
Saved bug count report and tracebacks for the bugs encountered!
Final bug count: defaultdict(<class 'int'>, {('validity', <class 'pyparsing.exceptions.ParseException'>, "Expected '.', found ']'  (at char 1), (line:1, col:2)", 'pyparsing/core.py', 1340): 1})
[STDERR]
Traceback (most recent call last):
  File "ipv4_parser_stv.py", line 220, in <module>
  File "pyparsing/core.py", line 1340, in parse_string
pyparsing.exceptions.ParseException: Expected '.', found ']'  (at char 1), (line:1, col:2)

============================================================
Iteration 15 | 2 | 163.8s
Input: ''
Running the IPv4 parser with ipstr: 
An invalidity bug has been triggered: One of the octets are empty
============================================================
TRACEBACK
============================================================
============================================================
Saved bug count report and tracebacks for the bugs encountered!
Final bug count: defaultdict(<class 'int'>, {('invalidity', <class 'buggy_ipyparse.ipv4_stv.InvalidityBug'>, 'One of the octets are empty', 'buggy_ipyparse/ipv4_stv.py', 80): 1})
[STDERR]
Traceback (most recent call last):
  File "ipv4_parser_stv.py", line 220, in <module>
  File "pyparsing/core.py", line 1328, in parse_string
  File "pyparsing/core.py", line 950, in _parseNoCache
  File "pyparsing/core.py", line 5155, in parseImpl
  File "pyparsing/core.py", line 950, in _parseNoCache
  File "pyparsing/core.py", line 4612, in parseImpl
  File "pyparsing/core.py", line 989, in _parseNoCache
  File "pyparsing/core.py", line 284, in wrapper
  File "buggy_ipyparse/ipv4_stv.py", line 80, in convert_octet
buggy_ipyparse.ipv4_stv.InvalidityBug: One of the octets are empty

============================================================
Iteration 16 | 6 | 175.2s
Input: '255.255.255.255'
Running the IPv4 parser with ipstr: 255.255.255.255
============================================================
TRACEBACK
============================================================
============================================================
A validity bug has been triggered: Expected '.', found '5'  (at char 2), (line:1, col:3)
Saved bug count report and tracebacks for the bugs encountered!
Final bug count: defaultdict(<class 'int'>, {('validity', <class 'pyparsing.exceptions.ParseException'>, "Expected '.', found '5'  (at char 2), (line:1, col:3)", 'pyparsing/core.py', 1340): 1})
[STDERR]
Traceback (most recent call last):
  File "ipv4_parser_stv.py", line 220, in <module>
  File "pyparsing/core.py", line 1340, in parse_string
pyparsing.exceptions.ParseException: Expected '.', found '5'  (at char 2), (line:1, col:3)

============================================================
Iteration 17 | 2 | 186.6s
Input: '1\n92.168.1.1'
Running the IPv4 parser with ipstr: 1
92.168.1.1
============================================================
TRACEBACK
============================================================
============================================================
Saved bug count report and tracebacks for the bugs encountered!
Final bug count: defaultdict(<class 'int'>, {('invalidity', <class 'pyparsing.exceptions.ParseException'>, "Expected '.', found '\\n'  (at char 1), (line:1, col:2)", 'pyparsing/core.py', 1340): 1})
[STDERR]
Traceback (most recent call last):
  File "ipv4_parser_stv.py", line 220, in <module>
  File "pyparsing/core.py", line 1340, in parse_string
pyparsing.exceptions.ParseException: Expected '.', found '\n'  (at char 1), (line:1, col:2)

============================================================
Iteration 18 | 2 | 198.0s
Input: ''
Running the IPv4 parser with ipstr: 
An invalidity bug has been triggered: One of the octets are empty
============================================================
TRACEBACK
============================================================
============================================================
Saved bug count report and tracebacks for the bugs encountered!
Final bug count: defaultdict(<class 'int'>, {('invalidity', <class 'buggy_ipyparse.ipv4_stv.InvalidityBug'>, 'One of the octets are empty', 'buggy_ipyparse/ipv4_stv.py', 80): 1})
[STDERR]
Traceback (most recent call last):
  File "ipv4_parser_stv.py", line 220, in <module>
  File "pyparsing/core.py", line 1328, in parse_string
  File "pyparsing/core.py", line 950, in _parseNoCache
  File "pyparsing/core.py", line 5155, in parseImpl
  File "pyparsing/core.py", line 950, in _parseNoCache
  File "pyparsing/core.py", line 4612, in parseImpl
  File "pyparsing/core.py", line 989, in _parseNoCache
  File "pyparsing/core.py", line 284, in wrapper
  File "buggy_ipyparse/ipv4_stv.py", line 80, in convert_octet
buggy_ipyparse.ipv4_stv.InvalidityBug: One of the octets are empty

============================================================
Iteration 19 | 2 | 209.4s
Input: '09.10.99.10.{99.10.99.100'
Running the IPv4 parser with ipstr: 09.10.99.10.{99.10.99.100
============================================================
TRACEBACK
============================================================
============================================================
Saved bug count report and tracebacks for the bugs encountered!
Final bug count: defaultdict(<class 'int'>, {('invalidity', <class 'pyparsing.exceptions.ParseException'>, "Expected end of text, found '.'  (at char 11), (line:1, col:12)", 'pyparsing/core.py', 1340): 1})
[STDERR]
Traceback (most recent call last):
  File "ipv4_parser_stv.py", line 220, in <module>
  File "pyparsing/core.py", line 1340, in parse_string
pyparsing.exceptions.ParseException: Expected end of text, found '.'  (at char 11), (line:1, col:12)

============================================================
Iteration 20 | 6 | 232.3s
Input: '2}55.255.255.255'
Running the IPv4 parser with ipstr: 2}55.255.255.255
============================================================
TRACEBACK
============================================================
============================================================
A validity bug has been triggered: Expected '.', found '}'  (at char 1), (line:1, col:2)
Saved bug count report and tracebacks for the bugs encountered!
Final bug count: defaultdict(<class 'int'>, {('validity', <class 'pyparsing.exceptions.ParseException'>, "Expected '.', found '}'  (at char 1), (line:1, col:2)", 'pyparsing/core.py', 1340): 1})
[STDERR]
Traceback (most recent call last):
  File "ipv4_parser_stv.py", line 220, in <module>
  File "pyparsing/core.py", line 1340, in parse_string
pyparsing.exceptions.ParseException: Expected '.', found '}'  (at char 1), (line:1, col:2)

============================================================
Iteration 21 | 2 | 243.9s
Input: '10.°.0.1'
Running the IPv4 parser with ipstr: 10.°.0.1
An invalidity bug has been triggered: One of the octets are empty
============================================================
TRACEBACK
============================================================
============================================================
Saved bug count report and tracebacks for the bugs encountered!
Final bug count: defaultdict(<class 'int'>, {('invalidity', <class 'buggy_ipyparse.ipv4_stv.InvalidityBug'>, 'One of the octets are empty', 'buggy_ipyparse/ipv4_stv.py', 80): 1})
[STDERR]
Traceback (most recent call last):
  File "ipv4_parser_stv.py", line 220, in <module>
  File "pyparsing/core.py", line 1328, in parse_string
  File "pyparsing/core.py", line 950, in _parseNoCache
  File "pyparsing/core.py", line 5155, in parseImpl
  File "pyparsing/core.py", line 950, in _parseNoCache
  File "pyparsing/core.py", line 4634, in parseImpl
  File "pyparsing/core.py", line 950, in _parseNoCache
  File "pyparsing/core.py", line 4634, in parseImpl
  File "pyparsing/core.py", line 989, in _parseNoCache
  File "pyparsing/core.py", line 281, in wrapper
  File "buggy_ipyparse/ipv4_stv.py", line 80, in convert_octet
buggy_ipyparse.ipv4_stv.InvalidityBug: One of the octets are empty

============================================================
Iteration 22 | 6 | 255.3s
Input: '127.2255.255.255'
Running the IPv4 parser with ipstr: 127.2255.255.255
============================================================
TRACEBACK
============================================================
============================================================
A validity bug has been triggered: Expected '.', found '5'  (at char 7), (line:1, col:8)
Saved bug count report and tracebacks for the bugs encountered!
Final bug count: defaultdict(<class 'int'>, {('validity', <class 'pyparsing.exceptions.ParseException'>, "Expected '.', found '5'  (at char 7), (line:1, col:8)", 'pyparsing/core.py', 1340): 1})
[STDERR]
Traceback (most recent call last):
  File "ipv4_parser_stv.py", line 220, in <module>
  File "pyparsing/core.py", line 1340, in parse_string
pyparsing.exceptions.ParseException: Expected '.', found '5'  (at char 7), (line:1, col:8)

============================================================
Iteration 23 | 2 | 266.7s
Input: '127.0.99999.1'
Running the IPv4 parser with ipstr: 127.0.99999.1
============================================================
TRACEBACK
============================================================
============================================================
Saved bug count report and tracebacks for the bugs encountered!
Final bug count: defaultdict(<class 'int'>, {('invalidity', <class 'pyparsing.exceptions.ParseException'>, "Expected '.', found '999'  (at char 8), (line:1, col:9)", 'pyparsing/core.py', 1340): 1})
[STDERR]
Traceback (most recent call last):
  File "ipv4_parser_stv.py", line 220, in <module>
  File "pyparsing/core.py", line 1340, in parse_string
pyparsing.exceptions.ParseException: Expected '.', found '999'  (at char 8), (line:1, col:9)

============================================================
Iteration 24 | 2 | 278.1s
Input: '111111111..2.314'
Running the IPv4 parser with ipstr: 111111111..2.314
============================================================
TRACEBACK
============================================================
============================================================
Saved bug count report and tracebacks for the bugs encountered!
Final bug count: defaultdict(<class 'int'>, {('invalidity', <class 'pyparsing.exceptions.ParseException'>, "Expected '.', found '111111'  (at char 3), (line:1, col:4)", 'pyparsing/core.py', 1340): 1})
[STDERR]
Traceback (most recent call last):
  File "ipv4_parser_stv.py", line 220, in <module>
  File "pyparsing/core.py", line 1340, in parse_string
pyparsing.exceptions.ParseException: Expected '.', found '111111'  (at char 3), (line:1, col:4)

============================================================
Iteration 25 | 2 | 305.3s
Input: '1111111111.{2.3.4'
Running the IPv4 parser with ipstr: 1111111111.{2.3.4
============================================================
TRACEBACK
============================================================
============================================================
Saved bug count report and tracebacks for the bugs encountered!
Final bug count: defaultdict(<class 'int'>, {('invalidity', <class 'pyparsing.exceptions.ParseException'>, "Expected '.', found '1111111'  (at char 3), (line:1, col:4)", 'pyparsing/core.py', 1340): 1})
[STDERR]
Traceback (most recent call last):
  File "ipv4_parser_stv.py", line 220, in <module>
  File "pyparsing/core.py", line 1340, in parse_string
pyparsing.exceptions.ParseException: Expected '.', found '1111111'  (at char 3), (line:1, col:4)

============================================================
Iteration 26 | 6 | 316.7s
Input: '255.255.255.255555555555'
Running the IPv4 parser with ipstr: 255.255.255.255555555555
============================================================
TRACEBACK
============================================================
============================================================
A validity bug has been triggered: Expected '.', found '5'  (at char 2), (line:1, col:3)
Saved bug count report and tracebacks for the bugs encountered!
Final bug count: defaultdict(<class 'int'>, {('validity', <class 'pyparsing.exceptions.ParseException'>, "Expected '.', found '5'  (at char 2), (line:1, col:3)", 'pyparsing/core.py', 1340): 1})
[STDERR]
Traceback (most recent call last):
  File "ipv4_parser_stv.py", line 220, in <module>
  File "pyparsing/core.py", line 1340, in parse_string
pyparsing.exceptions.ParseException: Expected '.', found '5'  (at char 2), (line:1, col:3)

============================================================
Iteration 27 | 6 | 328.1s
Input: '2}55.255.255.25.25.25.255'
Running the IPv4 parser with ipstr: 2}55.255.255.25.25.25.255
============================================================
TRACEBACK
============================================================
============================================================
A validity bug has been triggered: Expected '.', found '}'  (at char 1), (line:1, col:2)
Saved bug count report and tracebacks for the bugs encountered!
Final bug count: defaultdict(<class 'int'>, {('validity', <class 'pyparsing.exceptions.ParseException'>, "Expected '.', found '}'  (at char 1), (line:1, col:2)", 'pyparsing/core.py', 1340): 1})
[STDERR]
Traceback (most recent call last):
  File "ipv4_parser_stv.py", line 220, in <module>
  File "pyparsing/core.py", line 1340, in parse_string
pyparsing.exceptions.ParseException: Expected '.', found '}'  (at char 1), (line:1, col:2)

============================================================
Iteration 28 | 6 | 350.6s
Input: '255.255.255.}255'
Running the IPv4 parser with ipstr: 255.255.255.}255
============================================================
TRACEBACK
============================================================
============================================================
A validity bug has been triggered: Expected '.', found '5'  (at char 2), (line:1, col:3)
Saved bug count report and tracebacks for the bugs encountered!
Final bug count: defaultdict(<class 'int'>, {('validity', <class 'pyparsing.exceptions.ParseException'>, "Expected '.', found '5'  (at char 2), (line:1, col:3)", 'pyparsing/core.py', 1340): 1})
[STDERR]
Traceback (most recent call last):
  File "ipv4_parser_stv.py", line 220, in <module>
  File "pyparsing/core.py", line 1340, in parse_string
pyparsing.exceptions.ParseException: Expected '.', found '5'  (at char 2), (line:1, col:3)

============================================================
Iteration 29 | 6 | 373.3s
Input: '239.255.255.255.255.255'
Running the IPv4 parser with ipstr: 239.255.255.255.255.255
============================================================
TRACEBACK
============================================================
============================================================
A validity bug has been triggered: Expected '.', found '5'  (at char 6), (line:1, col:7)
Saved bug count report and tracebacks for the bugs encountered!
Final bug count: defaultdict(<class 'int'>, {('validity', <class 'pyparsing.exceptions.ParseException'>, "Expected '.', found '5'  (at char 6), (line:1, col:7)", 'pyparsing/core.py', 1340): 1})
[STDERR]
Traceback (most recent call last):
  File "ipv4_parser_stv.py", line 220, in <module>
  File "pyparsing/core.py", line 1340, in parse_string
pyparsing.exceptions.ParseException: Expected '.', found '5'  (at char 6), (line:1, col:7)

============================================================
Iteration 30 | 4 | 384.7s
Input: '10.0.0.0.0.0.0.0.0.0.0.0.0.0.0.0.0.1'
Running the IPv4 parser with ipstr: 10.0.0.0.0.0.0.0.0.0.0.0.0.0.0.0.0.1
A functional bug has been triggered: Invalid ipv4 calculation.
============================================================
TRACEBACK
============================================================
============================================================
Saved bug count report and tracebacks for the bugs encountered!
Final bug count: defaultdict(<class 'int'>, {('functional', <class 'buggy_ipyparse.ipv4_stv.FunctionalBug'>, 'Invalid ipv4 calculation.', 'buggy_ipyparse/ipv4_stv.py', 134): 1})
[STDERR]
Traceback (most recent call last):
  File "ipv4_parser_stv.py", line 220, in <module>
  File "pyparsing/core.py", line 1328, in parse_string
  File "pyparsing/core.py", line 989, in _parseNoCache
  File "pyparsing/core.py", line 284, in wrapper
  File "buggy_ipyparse/ipv4_stv.py", line 134, in convert_ipv4
buggy_ipyparse.ipv4_stv.FunctionalBug: Invalid ipv4 calculation.

============================================================
Iteration 31 | 2 | 396.1s
Input: '1111111111.2.3.44'
Running the IPv4 parser with ipstr: 1111111111.2.3.44
============================================================
TRACEBACK
============================================================
============================================================
Saved bug count report and tracebacks for the bugs encountered!
Final bug count: defaultdict(<class 'int'>, {('invalidity', <class 'pyparsing.exceptions.ParseException'>, "Expected '.', found '1111111'  (at char 3), (line:1, col:4)", 'pyparsing/core.py', 1340): 1})
[STDERR]
Traceback (most recent call last):
  File "ipv4_parser_stv.py", line 220, in <module>
  File "pyparsing/core.py", line 1340, in parse_string
pyparsing.exceptions.ParseException: Expected '.', found '1111111'  (at char 3), (line:1, col:4)

============================================================
Iteration 32 | 6 | 407.5s
Input: '10.255.255.25q'
Running the IPv4 parser with ipstr: 10.255.255.25q
============================================================
TRACEBACK
============================================================
============================================================
A validity bug has been triggered: Expected '.', found '5'  (at char 5), (line:1, col:6)
Saved bug count report and tracebacks for the bugs encountered!
Final bug count: defaultdict(<class 'int'>, {('validity', <class 'pyparsing.exceptions.ParseException'>, "Expected '.', found '5'  (at char 5), (line:1, col:6)", 'pyparsing/core.py', 1340): 1})
[STDERR]
Traceback (most recent call last):
  File "ipv4_parser_stv.py", line 220, in <module>
  File "pyparsing/core.py", line 1340, in parse_string
pyparsing.exceptions.ParseException: Expected '.', found '5'  (at char 5), (line:1, col:6)

============================================================
Iteration 33 | 6 | 419.0s
Input: '10.255.>255.25q'
Running the IPv4 parser with ipstr: 10.255.>255.25q
============================================================
TRACEBACK
============================================================
============================================================
A validity bug has been triggered: Expected '.', found '5'  (at char 5), (line:1, col:6)
Saved bug count report and tracebacks for the bugs encountered!
Final bug count: defaultdict(<class 'int'>, {('validity', <class 'pyparsing.exceptions.ParseException'>, "Expected '.', found '5'  (at char 5), (line:1, col:6)", 'pyparsing/core.py', 1340): 1})
[STDERR]
Traceback (most recent call last):
  File "ipv4_parser_stv.py", line 220, in <module>
  File "pyparsing/core.py", line 1340, in parse_string
pyparsing.exceptions.ParseException: Expected '.', found '5'  (at char 5), (line:1, col:6)

============================================================
Iteration 34 | 2 | 430.9s
Input: '09.10.99.100.1'
Running the IPv4 parser with ipstr: 09.10.99.100.1
============================================================
TRACEBACK
============================================================
============================================================
Saved bug count report and tracebacks for the bugs encountered!
Final bug count: defaultdict(<class 'int'>, {('invalidity', <class 'pyparsing.exceptions.ParseException'>, "Expected end of text, found '.'  (at char 12), (line:1, col:13)", 'pyparsing/core.py', 1340): 1})
[STDERR]
Traceback (most recent call last):
  File "ipv4_parser_stv.py", line 220, in <module>
  File "pyparsing/core.py", line 1340, in parse_string
pyparsing.exceptions.ParseException: Expected end of text, found '.'  (at char 12), (line:1, col:13)

============================================================
Iteration 35 | 2 | 445.4s
Input: '11111111111111111111111111111111111111111..2.314'
Running the IPv4 parser with ipstr: 11111111111111111111111111111111111111111..2.314
============================================================
TRACEBACK
============================================================
============================================================
Saved bug count report and tracebacks for the bugs encountered!
Final bug count: defaultdict(<class 'int'>, {('invalidity', <class 'pyparsing.exceptions.ParseException'>, "Expected '.', found '1111111111111111'  (at char 3), (line:1, col:4)", 'pyparsing/core.py', 1340): 1})
[STDERR]
Traceback (most recent call last):
  File "ipv4_parser_stv.py", line 220, in <module>
  File "pyparsing/core.py", line 1340, in parse_string
pyparsing.exceptions.ParseException: Expected '.', found '1111111111111111'  (at char 3), (line:1, col:4)

============================================================
Iteration 36 | 6 | 456.8s
Input: '2]55.255.255'
Running the IPv4 parser with ipstr: 2]55.255.255
============================================================
TRACEBACK
============================================================
============================================================
A validity bug has been triggered: Expected '.', found ']'  (at char 1), (line:1, col:2)
Saved bug count report and tracebacks for the bugs encountered!
Final bug count: defaultdict(<class 'int'>, {('validity', <class 'pyparsing.exceptions.ParseException'>, "Expected '.', found ']'  (at char 1), (line:1, col:2)", 'pyparsing/core.py', 1340): 1})
[STDERR]
Traceback (most recent call last):
  File "ipv4_parser_stv.py", line 220, in <module>
  File "pyparsing/core.py", line 1340, in parse_string
pyparsing.exceptions.ParseException: Expected '.', found ']'  (at char 1), (line:1, col:2)

============================================================
Iteration 37 | 2 | 468.2s
Input: '1.2;.3.4'
Running the IPv4 parser with ipstr: 1.2;.3.4
============================================================
TRACEBACK
============================================================
============================================================
Saved bug count report and tracebacks for the bugs encountered!
Final bug count: defaultdict(<class 'int'>, {('invalidity', <class 'pyparsing.exceptions.ParseException'>, "Expected '.', found ';'  (at char 3), (line:1, col:4)", 'pyparsing/core.py', 1340): 1})
[STDERR]
Traceback (most recent call last):
  File "ipv4_parser_stv.py", line 220, in <module>
  File "pyparsing/core.py", line 1340, in parse_string
pyparsing.exceptions.ParseException: Expected '.', found ';'  (at char 3), (line:1, col:4)

============================================================
Iteration 38 | 2 | 479.7s
Input: '111111111..2.314.1'
Running the IPv4 parser with ipstr: 111111111..2.314.1
============================================================
TRACEBACK
============================================================
============================================================
Saved bug count report and tracebacks for the bugs encountered!
Final bug count: defaultdict(<class 'int'>, {('invalidity', <class 'pyparsing.exceptions.ParseException'>, "Expected '.', found '111111'  (at char 3), (line:1, col:4)", 'pyparsing/core.py', 1340): 1})
[STDERR]
Traceback (most recent call last):
  File "ipv4_parser_stv.py", line 220, in <module>
  File "pyparsing/core.py", line 1340, in parse_string
pyparsing.exceptions.ParseException: Expected '.', found '111111'  (at char 3), (line:1, col:4)

============================================================
Iteration 39 | 2 | 491.1s
Input: '09.10.99.09.10.99.100.1'
Running the IPv4 parser with ipstr: 09.10.99.09.10.99.100.1
============================================================
TRACEBACK
============================================================
============================================================
Saved bug count report and tracebacks for the bugs encountered!
Final bug count: defaultdict(<class 'int'>, {('invalidity', <class 'pyparsing.exceptions.ParseException'>, "Expected end of text, found '.'  (at char 11), (line:1, col:12)", 'pyparsing/core.py', 1340): 1})
[STDERR]
Traceback (most recent call last):
  File "ipv4_parser_stv.py", line 220, in <module>
  File "pyparsing/core.py", line 1340, in parse_string
pyparsing.exceptions.ParseException: Expected end of text, found '.'  (at char 11), (line:1, col:12)

============================================================
Iteration 40 | 6 | 502.5s
Input: '255.25.25.255.255.255'
Running the IPv4 parser with ipstr: 255.25.25.255.255.255
============================================================
TRACEBACK
============================================================
============================================================
A validity bug has been triggered: Expected '.', found '5'  (at char 2), (line:1, col:3)
Saved bug count report and tracebacks for the bugs encountered!
Final bug count: defaultdict(<class 'int'>, {('validity', <class 'pyparsing.exceptions.ParseException'>, "Expected '.', found '5'  (at char 2), (line:1, col:3)", 'pyparsing/core.py', 1340): 1})
[STDERR]
Traceback (most recent call last):
  File "ipv4_parser_stv.py", line 220, in <module>
  File "pyparsing/core.py", line 1340, in parse_string
pyparsing.exceptions.ParseException: Expected '.', found '5'  (at char 2), (line:1, col:3)

============================================================
Iteration 41 | 2 | 513.9s
Input: '11111111111111111111111111111111111111111..11111..11111..11111..11111..11111..2.314'
Running the IPv4 parser with ipstr: 11111111111111111111111111111111111111111..11111..11111..11111..11111..11111..2.314
============================================================
TRACEBACK
============================================================
============================================================
Saved bug count report and tracebacks for the bugs encountered!
Final bug count: defaultdict(<class 'int'>, {('invalidity', <class 'pyparsing.exceptions.ParseException'>, "Expected '.', found '1111111111111111'  (at char 3), (line:1, col:4)", 'pyparsing/core.py', 1340): 1})
[STDERR]
Traceback (most recent call last):
  File "ipv4_parser_stv.py", line 220, in <module>
  File "pyparsing/core.py", line 1340, in parse_string
pyparsing.exceptions.ParseException: Expected '.', found '1111111111111111'  (at char 3), (line:1, col:4)

============================================================
Iteration 42 | 2 | 525.3s
Input: '111111111111111111111111111111111111111111111..2.314'
Running the IPv4 parser with ipstr: 111111111111111111111111111111111111111111111..2.314
============================================================
TRACEBACK
============================================================
============================================================
Saved bug count report and tracebacks for the bugs encountered!
Final bug count: defaultdict(<class 'int'>, {('invalidity', <class 'pyparsing.exceptions.ParseException'>, "Expected '.', found '1111111111111111'  (at char 3), (line:1, col:4)", 'pyparsing/core.py', 1340): 1})
[STDERR]
Traceback (most recent call last):
  File "ipv4_parser_stv.py", line 220, in <module>
  File "pyparsing/core.py", line 1340, in parse_string
pyparsing.exceptions.ParseException: Expected '.', found '1111111111111111'  (at char 3), (line:1, col:4)

============================================================
Iteration 43 | 4 | 536.7s
Input: '10.0.0.0.0.0.0.0.0.0.0.0.0.0.0.0.0.0.0.0.0.0.0.0.0.0.0.0.0.0.0.0.0.0.0.0.0.0.0.0.0.0.0.0.0.0.0.0.0.0.0.0.0.0.0.0.0.0.0.
Running the IPv4 parser with ipstr: 10.0.0.0.0.0.0.0.0.0.0.0.0.0.0.0.0.0.0.0.0.0.0.0.0.0.0.0.0.0.0.0.0.0.0.0.0.0.0.0.0.0.0.0.0.0.0.0.0.0.0.0.0.0.0.0.0.0.0.0.0.0.0.0.0.1
A functional bug has been triggered: Invalid ipv4 calculation.
============================================================
TRACEBACK
============================================================
============================================================
Saved bug count report and tracebacks for the bugs encountered!
Final bug count: defaultdict(<class 'int'>, {('functional', <class 'buggy_ipyparse.ipv4_stv.FunctionalBug'>, 'Invalid ipv4 calculation.', 'buggy_ipyparse/ipv4_stv.py', 134): 1})
[STDERR]
Traceback (most recent call last):
  File "ipv4_parser_stv.py", line 220, in <module>
  File "pyparsing/core.py", line 1328, in parse_string
  File "pyparsing/core.py", line 989, in _parseNoCache
  File "pyparsing/core.py", line 284, in wrapper
  File "buggy_ipyparse/ipv4_stv.py", line 134, in convert_ipv4
buggy_ipyparse.ipv4_stv.FunctionalBug: Invalid ipv4 calculation.

============================================================
Iteration 44 | 2 | 548.1s
Input: '1.2.32.32.32.32.3{.4'
Running the IPv4 parser with ipstr: 1.2.32.32.32.32.3{.4
============================================================
TRACEBACK
============================================================
============================================================
Saved bug count report and tracebacks for the bugs encountered!
Final bug count: defaultdict(<class 'int'>, {('invalidity', <class 'pyparsing.exceptions.ParseException'>, "Expected end of text, found '.'  (at char 9), (line:1, col:10)", 'pyparsing/core.py', 1340): 1})
[STDERR]
Traceback (most recent call last):
  File "ipv4_parser_stv.py", line 220, in <module>
  File "pyparsing/core.py", line 1340, in parse_string
pyparsing.exceptions.ParseException: Expected end of text, found '.'  (at char 9), (line:1, col:10)

============================================================
Iteration 45 | 6 | 559.5s
Input: '127.255.255.2127.255.255.2127.255.255.2127.255.255.2127.255.255.2127.255.255.2127.255.255.255'
Running the IPv4 parser with ipstr: 127.255.255.2127.255.255.2127.255.255.2127.255.255.2127.255.255.2127.255.255.2127.255.255.255
============================================================
TRACEBACK
============================================================
============================================================
A validity bug has been triggered: Expected '.', found '5'  (at char 6), (line:1, col:7)
Saved bug count report and tracebacks for the bugs encountered!
Final bug count: defaultdict(<class 'int'>, {('validity', <class 'pyparsing.exceptions.ParseException'>, "Expected '.', found '5'  (at char 6), (line:1, col:7)", 'pyparsing/core.py', 1340): 1})
[STDERR]
Traceback (most recent call last):
  File "ipv4_parser_stv.py", line 220, in <module>
  File "pyparsing/core.py", line 1340, in parse_string
pyparsing.exceptions.ParseException: Expected '.', found '5'  (at char 6), (line:1, col:7)

============================================================
Iteration 46 | 2 | 570.9s
Input: '111111111..1..1..1..1..1..1..1..1..1..2.314'
Running the IPv4 parser with ipstr: 111111111..1..1..1..1..1..1..1..1..1..2.314
============================================================
TRACEBACK
============================================================
============================================================
Saved bug count report and tracebacks for the bugs encountered!
Final bug count: defaultdict(<class 'int'>, {('invalidity', <class 'pyparsing.exceptions.ParseException'>, "Expected '.', found '111111'  (at char 3), (line:1, col:4)", 'pyparsing/core.py', 1340): 1})
[STDERR]
Traceback (most recent call last):
  File "ipv4_parser_stv.py", line 220, in <module>
  File "pyparsing/core.py", line 1340, in parse_string
pyparsing.exceptions.ParseException: Expected '.', found '111111'  (at char 3), (line:1, col:4)

============================================================
Iteration 47 | 2 | 582.3s
Input: '111111111..2.314.2.314.2.314.2.314.2.314.2.314.2.314.2.314.2.314.2.314'
Running the IPv4 parser with ipstr: 111111111..2.314.2.314.2.314.2.314.2.314.2.314.2.314.2.314.2.314.2.314
============================================================
TRACEBACK
============================================================
============================================================
Saved bug count report and tracebacks for the bugs encountered!
Final bug count: defaultdict(<class 'int'>, {('invalidity', <class 'pyparsing.exceptions.ParseException'>, "Expected '.', found '111111'  (at char 3), (line:1, col:4)", 'pyparsing/core.py', 1340): 1})
[STDERR]
Traceback (most recent call last):
  File "ipv4_parser_stv.py", line 220, in <module>
  File "pyparsing/core.py", line 1340, in parse_string
pyparsing.exceptions.ParseException: Expected '.', found '111111'  (at char 3), (line:1, col:4)

============================================================
Iteration 48 | 2 | 610.8s
Input: '111111111111111111111111111111111111111111111111..2.314'
Running the IPv4 parser with ipstr: 111111111111111111111111111111111111111111111111..2.314
============================================================
TRACEBACK
============================================================
============================================================
Saved bug count report and tracebacks for the bugs encountered!
Final bug count: defaultdict(<class 'int'>, {('invalidity', <class 'pyparsing.exceptions.ParseException'>, "Expected '.', found '1111111111111111'  (at char 3), (line:1, col:4)", 'pyparsing/core.py', 1340): 1})
[STDERR]
Traceback (most recent call last):
  File "ipv4_parser_stv.py", line 220, in <module>
  File "pyparsing/core.py", line 1340, in parse_string
pyparsing.exceptions.ParseException: Expected '.', found '1111111111111111'  (at char 3), (line:1, col:4)

============================================================
Iteration 49 | 2 | 622.2s
Input: '115111111..2.314'
Running the IPv4 parser with ipstr: 115111111..2.314
============================================================
TRACEBACK
============================================================
============================================================
Saved bug count report and tracebacks for the bugs encountered!
Final bug count: defaultdict(<class 'int'>, {('invalidity', <class 'pyparsing.exceptions.ParseException'>, "Expected '.', found '111111'  (at char 3), (line:1, col:4)", 'pyparsing/core.py', 1340): 1})
[STDERR]
Traceback (most recent call last):
  File "ipv4_parser_stv.py", line 220, in <module>
  File "pyparsing/core.py", line 1340, in parse_string
pyparsing.exceptions.ParseException: Expected '.', found '111111'  (at char 3), (line:1, col:4)

============================================================
Iteration 50 | 2 | 633.6s
Input: ''
Running the IPv4 parser with ipstr: 
An invalidity bug has been triggered: One of the octets are empty
============================================================
TRACEBACK
============================================================
============================================================
Saved bug count report and tracebacks for the bugs encountered!
Final bug count: defaultdict(<class 'int'>, {('invalidity', <class 'buggy_ipyparse.ipv4_stv.InvalidityBug'>, 'One of the octets are empty', 'buggy_ipyparse/ipv4_stv.py', 80): 1})
[STDERR]
Traceback (most recent call last):
  File "ipv4_parser_stv.py", line 220, in <module>
  File "pyparsing/core.py", line 1328, in parse_string
  File "pyparsing/core.py", line 950, in _parseNoCache
  File "pyparsing/core.py", line 5155, in parseImpl
  File "pyparsing/core.py", line 950, in _parseNoCache
  File "pyparsing/core.py", line 4612, in parseImpl
  File "pyparsing/core.py", line 989, in _parseNoCache
  File "pyparsing/core.py", line 284, in wrapper
  File "buggy_ipyparse/ipv4_stv.py", line 80, in convert_octet
buggy_ipyparse.ipv4_stv.InvalidityBug: One of the octets are empty

============================================================
Iteration 51 | 6 | 645.0s
Input: '255.255.255.255'
Running the IPv4 parser with ipstr: 255.255.255.255
============================================================
TRACEBACK
============================================================
============================================================
A validity bug has been triggered: Expected '.', found '5'  (at char 2), (line:1, col:3)
Saved bug count report and tracebacks for the bugs encountered!
Final bug count: defaultdict(<class 'int'>, {('validity', <class 'pyparsing.exceptions.ParseException'>, "Expected '.', found '5'  (at char 2), (line:1, col:3)", 'pyparsing/core.py', 1340): 1})
[STDERR]
Traceback (most recent call last):
  File "ipv4_parser_stv.py", line 220, in <module>
  File "pyparsing/core.py", line 1340, in parse_string
pyparsing.exceptions.ParseException: Expected '.', found '5'  (at char 2), (line:1, col:3)

============================================================
Iteration 52 | 6 | 656.4s
Input: '255.255.255.255'
Running the IPv4 parser with ipstr: 255.255.255.255
============================================================
TRACEBACK
============================================================
============================================================
A validity bug has been triggered: Expected '.', found '5'  (at char 2), (line:1, col:3)
Saved bug count report and tracebacks for the bugs encountered!
Final bug count: defaultdict(<class 'int'>, {('validity', <class 'pyparsing.exceptions.ParseException'>, "Expected '.', found '5'  (at char 2), (line:1, col:3)", 'pyparsing/core.py', 1340): 1})
[STDERR]
Traceback (most recent call last):
  File "ipv4_parser_stv.py", line 220, in <module>
  File "pyparsing/core.py", line 1340, in parse_string
pyparsing.exceptions.ParseException: Expected '.', found '5'  (at char 2), (line:1, col:3)

============================================================
Iteration 53 | 2 | 667.8s
Input: '1\n92.11111111168.1.1'
Running the IPv4 parser with ipstr: 1
92.11111111168.1.1
============================================================
TRACEBACK
============================================================
============================================================
Saved bug count report and tracebacks for the bugs encountered!
Final bug count: defaultdict(<class 'int'>, {('invalidity', <class 'pyparsing.exceptions.ParseException'>, "Expected '.', found '\\n'  (at char 1), (line:1, col:2)", 'pyparsing/core.py', 1340): 1})
[STDERR]
Traceback (most recent call last):
  File "ipv4_parser_stv.py", line 220, in <module>
  File "pyparsing/core.py", line 1340, in parse_string
pyparsing.exceptions.ParseException: Expected '.', found '\n'  (at char 1), (line:1, col:2)

============================================================
Iteration 54 | 6 | 679.2s
Input: '127.255.255.255'
Running the IPv4 parser with ipstr: 127.255.255.255
============================================================
TRACEBACK
============================================================
============================================================
A validity bug has been triggered: Expected '.', found '5'  (at char 6), (line:1, col:7)
Saved bug count report and tracebacks for the bugs encountered!
Final bug count: defaultdict(<class 'int'>, {('validity', <class 'pyparsing.exceptions.ParseException'>, "Expected '.', found '5'  (at char 6), (line:1, col:7)", 'pyparsing/core.py', 1340): 1})
[STDERR]
Traceback (most recent call last):
  File "ipv4_parser_stv.py", line 220, in <module>
  File "pyparsing/core.py", line 1340, in parse_string
pyparsing.exceptions.ParseException: Expected '.', found '5'  (at char 6), (line:1, col:7)

============================================================
Iteration 55 | 2 | 690.6s
Input: '00.01.002.000'
Running the IPv4 parser with ipstr: 00.01.002.000
============================================================
TRACEBACK
============================================================
============================================================
Saved bug count report and tracebacks for the bugs encountered!
Final bug count: defaultdict(<class 'int'>, {('invalidity', <class 'pyparsing.exceptions.ParseException'>, "Expected '.', found '2'  (at char 8), (line:1, col:9)", 'pyparsing/core.py', 1340): 1})
[STDERR]
Traceback (most recent call last):
  File "ipv4_parser_stv.py", line 220, in <module>
  File "pyparsing/core.py", line 1340, in parse_string
pyparsing.exceptions.ParseException: Expected '.', found '2'  (at char 8), (line:1, col:9)

============================================================
Iteration 56 | 2 | 702.0s
Input: '1.72.72.72.720.99999.1'
Running the IPv4 parser with ipstr: 1.72.72.72.720.99999.1
============================================================
TRACEBACK
============================================================
============================================================
Saved bug count report and tracebacks for the bugs encountered!
Final bug count: defaultdict(<class 'int'>, {('invalidity', <class 'pyparsing.exceptions.ParseException'>, "Expected end of text, found '.'  (at char 10), (line:1, col:11)", 'pyparsing/core.py', 1340): 1})
[STDERR]
Traceback (most recent call last):
  File "ipv4_parser_stv.py", line 220, in <module>
  File "pyparsing/core.py", line 1340, in parse_string
pyparsing.exceptions.ParseException: Expected end of text, found '.'  (at char 10), (line:1, col:11)

============================================================
Iteration 57 | 6 | 713.4s
Input: "255.255.255.2'55"
Running the IPv4 parser with ipstr: 255.255.255.2'55
============================================================
TRACEBACK
============================================================
============================================================
A validity bug has been triggered: Expected '.', found '5'  (at char 2), (line:1, col:3)
Saved bug count report and tracebacks for the bugs encountered!
Final bug count: defaultdict(<class 'int'>, {('validity', <class 'pyparsing.exceptions.ParseException'>, "Expected '.', found '5'  (at char 2), (line:1, col:3)", 'pyparsing/core.py', 1340): 1})
[STDERR]
Traceback (most recent call last):
  File "ipv4_parser_stv.py", line 220, in <module>
  File "pyparsing/core.py", line 1340, in parse_string
pyparsing.exceptions.ParseException: Expected '.', found '5'  (at char 2), (line:1, col:3)

============================================================
Iteration 58 | 2 | 724.8s
Input: '09.10.99........1...1...1...1...1...1...1...1...100'
Running the IPv4 parser with ipstr: 09.10.99........1...1...1...1...1...1...1...1...100
An invalidity bug has been triggered: One of the octets are empty
============================================================
TRACEBACK
============================================================
============================================================
Saved bug count report and tracebacks for the bugs encountered!
Final bug count: defaultdict(<class 'int'>, {('invalidity', <class 'buggy_ipyparse.ipv4_stv.InvalidityBug'>, 'One of the octets are empty', 'buggy_ipyparse/ipv4_stv.py', 80): 1})
[STDERR]
Traceback (most recent call last):
  File "ipv4_parser_stv.py", line 220, in <module>
  File "pyparsing/core.py", line 1328, in parse_string
  File "pyparsing/core.py", line 950, in _parseNoCache
  File "pyparsing/core.py", line 5155, in parseImpl
  File "pyparsing/core.py", line 950, in _parseNoCache
  File "pyparsing/core.py", line 4634, in parseImpl
  File "pyparsing/core.py", line 950, in _parseNoCache
  File "pyparsing/core.py", line 4634, in parseImpl
  File "pyparsing/core.py", line 989, in _parseNoCache
  File "pyparsing/core.py", line 281, in wrapper
  File "buggy_ipyparse/ipv4_stv.py", line 80, in convert_octet
buggy_ipyparse.ipv4_stv.InvalidityBug: One of the octets are empty

============================================================
Iteration 59 | 2 | 736.7s
Input: '1\n92.168.1.1111111111'
Running the IPv4 parser with ipstr: 1
92.168.1.1111111111
============================================================
TRACEBACK
============================================================
============================================================
Saved bug count report and tracebacks for the bugs encountered!
Final bug count: defaultdict(<class 'int'>, {('invalidity', <class 'pyparsing.exceptions.ParseException'>, "Expected '.', found '\\n'  (at char 1), (line:1, col:2)", 'pyparsing/core.py', 1340): 1})
[STDERR]
Traceback (most recent call last):
  File "ipv4_parser_stv.py", line 220, in <module>
  File "pyparsing/core.py", line 1340, in parse_string
pyparsing.exceptions.ParseException: Expected '.', found '\n'  (at char 1), (line:1, col:2)

============================================================
Iteration 60 | 6 | 750.9s
Input: '10.255.255.25q.255.25q.255.25q.255.25q'
Running the IPv4 parser with ipstr: 10.255.255.25q.255.25q.255.25q.255.25q
============================================================
TRACEBACK
============================================================
============================================================
A validity bug has been triggered: Expected '.', found '5'  (at char 5), (line:1, col:6)
Saved bug count report and tracebacks for the bugs encountered!
Final bug count: defaultdict(<class 'int'>, {('validity', <class 'pyparsing.exceptions.ParseException'>, "Expected '.', found '5'  (at char 5), (line:1, col:6)", 'pyparsing/core.py', 1340): 1})
[STDERR]
Traceback (most recent call last):
  File "ipv4_parser_stv.py", line 220, in <module>
  File "pyparsing/core.py", line 1340, in parse_string
pyparsing.exceptions.ParseException: Expected '.', found '5'  (at char 5), (line:1, col:6)

============================================================
Iteration 61 | 2 | 762.4s
Input: '09.10.99.100.1'
Running the IPv4 parser with ipstr: 09.10.99.100.1
============================================================
TRACEBACK
============================================================
============================================================
Saved bug count report and tracebacks for the bugs encountered!
Final bug count: defaultdict(<class 'int'>, {('invalidity', <class 'pyparsing.exceptions.ParseException'>, "Expected end of text, found '.'  (at char 12), (line:1, col:13)", 'pyparsing/core.py', 1340): 1})
[STDERR]
Traceback (most recent call last):
  File "ipv4_parser_stv.py", line 220, in <module>
  File "pyparsing/core.py", line 1340, in parse_string
pyparsing.exceptions.ParseException: Expected end of text, found '.'  (at char 12), (line:1, col:13)

============================================================
Iteration 62 | 2 | 773.8s
Input: '1.2;.3.......4'
Running the IPv4 parser with ipstr: 1.2;.3.......4
============================================================
TRACEBACK
============================================================
============================================================
Saved bug count report and tracebacks for the bugs encountered!
Final bug count: defaultdict(<class 'int'>, {('invalidity', <class 'pyparsing.exceptions.ParseException'>, "Expected '.', found ';'  (at char 3), (line:1, col:4)", 'pyparsing/core.py', 1340): 1})
[STDERR]
Traceback (most recent call last):
  File "ipv4_parser_stv.py", line 220, in <module>
  File "pyparsing/core.py", line 1340, in parse_string
pyparsing.exceptions.ParseException: Expected '.', found ';'  (at char 3), (line:1, col:4)

============================================================
Iteration 63 | 2 | 785.1s
Input: '1111111111.2.3.4.1'
Running the IPv4 parser with ipstr: 1111111111.2.3.4.1
============================================================
TRACEBACK
============================================================
============================================================
Saved bug count report and tracebacks for the bugs encountered!
Final bug count: defaultdict(<class 'int'>, {('invalidity', <class 'pyparsing.exceptions.ParseException'>, "Expected '.', found '1111111'  (at char 3), (line:1, col:4)", 'pyparsing/core.py', 1340): 1})
[STDERR]
Traceback (most recent call last):
  File "ipv4_parser_stv.py", line 220, in <module>
  File "pyparsing/core.py", line 1340, in parse_string
pyparsing.exceptions.ParseException: Expected '.', found '1111111'  (at char 3), (line:1, col:4)

============================================================
Iteration 64 | 2 | 796.5s
Input: '192.168.192.168.192.168.192.168.192.168.192.168.192.168.192.168.192.168.192.168.1.1'
Running the IPv4 parser with ipstr: 192.168.192.168.192.168.192.168.192.168.192.168.192.168.192.168.192.168.192.168.1.1
============================================================
TRACEBACK
============================================================
============================================================
Saved bug count report and tracebacks for the bugs encountered!
Final bug count: defaultdict(<class 'int'>, {('invalidity', <class 'pyparsing.exceptions.ParseException'>, "Expected end of text, found '.'  (at char 15), (line:1, col:16)", 'pyparsing/core.py', 1340): 1})
[STDERR]
Traceback (most recent call last):
  File "ipv4_parser_stv.py", line 220, in <module>
  File "pyparsing/core.py", line 1340, in parse_string
pyparsing.exceptions.ParseException: Expected end of text, found '.'  (at char 15), (line:1, col:16)

============================================================
Iteration 65 | 2 | 807.9s
Input: '09.10.99.10.99.10.99.19.10.99.10.99.100'
Running the IPv4 parser with ipstr: 09.10.99.10.99.10.99.19.10.99.10.99.100
============================================================
TRACEBACK
============================================================
============================================================
Saved bug count report and tracebacks for the bugs encountered!
Final bug count: defaultdict(<class 'int'>, {('invalidity', <class 'pyparsing.exceptions.ParseException'>, "Expected end of text, found '.'  (at char 11), (line:1, col:12)", 'pyparsing/core.py', 1340): 1})
[STDERR]
Traceback (most recent call last):
  File "ipv4_parser_stv.py", line 220, in <module>
  File "pyparsing/core.py", line 1340, in parse_string
pyparsing.exceptions.ParseException: Expected end of text, found '.'  (at char 11), (line:1, col:12)

============================================================
Iteration 66 | 2 | 819.3s
Input: '192.168.192.168.192.168.192.168.192.168.192.168.192.168.192.168.192.168.192.168.192.168.192.168.1.1'
Running the IPv4 parser with ipstr: 192.168.192.168.192.168.192.168.192.168.192.168.192.168.192.168.192.168.192.168.192.168.192.168.1.1
============================================================
TRACEBACK
============================================================
============================================================
Saved bug count report and tracebacks for the bugs encountered!
Final bug count: defaultdict(<class 'int'>, {('invalidity', <class 'pyparsing.exceptions.ParseException'>, "Expected end of text, found '.'  (at char 15), (line:1, col:16)", 'pyparsing/core.py', 1340): 1})
[STDERR]
Traceback (most recent call last):
  File "ipv4_parser_stv.py", line 220, in <module>
  File "pyparsing/core.py", line 1340, in parse_string
pyparsing.exceptions.ParseException: Expected end of text, found '.'  (at char 15), (line:1, col:16)

============================================================
Iteration 67 | 6 | 830.7s
Input: '2}55.255.255.2551'
Running the IPv4 parser with ipstr: 2}55.255.255.2551
============================================================
TRACEBACK
============================================================
============================================================
A validity bug has been triggered: Expected '.', found '}'  (at char 1), (line:1, col:2)
Saved bug count report and tracebacks for the bugs encountered!
Final bug count: defaultdict(<class 'int'>, {('validity', <class 'pyparsing.exceptions.ParseException'>, "Expected '.', found '}'  (at char 1), (line:1, col:2)", 'pyparsing/core.py', 1340): 1})
[STDERR]
Traceback (most recent call last):
  File "ipv4_parser_stv.py", line 220, in <module>
  File "pyparsing/core.py", line 1340, in parse_string
pyparsing.exceptions.ParseException: Expected '.', found '}'  (at char 1), (line:1, col:2)

============================================================
Iteration 68 | 2 | 842.1s
Input: '1921168...1'
Running the IPv4 parser with ipstr: 1921168...1
============================================================
TRACEBACK
============================================================
============================================================
Saved bug count report and tracebacks for the bugs encountered!
Final bug count: defaultdict(<class 'int'>, {('invalidity', <class 'pyparsing.exceptions.ParseException'>, "Expected '.', found '1168'  (at char 3), (line:1, col:4)", 'pyparsing/core.py', 1340): 1})
[STDERR]
Traceback (most recent call last):
  File "ipv4_parser_stv.py", line 220, in <module>
  File "pyparsing/core.py", line 1340, in parse_string
pyparsing.exceptions.ParseException: Expected '.', found '1168'  (at char 3), (line:1, col:4)

============================================================
Iteration 69 | 2 | 853.6s
Input: '09.10..10.99.100.1'
Running the IPv4 parser with ipstr: 09.10..10.99.100.1
An invalidity bug has been triggered: One of the octets are empty
============================================================
TRACEBACK
============================================================
============================================================
Saved bug count report and tracebacks for the bugs encountered!
Final bug count: defaultdict(<class 'int'>, {('invalidity', <class 'buggy_ipyparse.ipv4_stv.InvalidityBug'>, 'One of the octets are empty', 'buggy_ipyparse/ipv4_stv.py', 80): 1})
[STDERR]
Traceback (most recent call last):
  File "ipv4_parser_stv.py", line 220, in <module>
  File "pyparsing/core.py", line 1328, in parse_string
  File "pyparsing/core.py", line 950, in _parseNoCache
  File "pyparsing/core.py", line 5155, in parseImpl
  File "pyparsing/core.py", line 950, in _parseNoCache
  File "pyparsing/core.py", line 4634, in parseImpl
  File "pyparsing/core.py", line 950, in _parseNoCache
  File "pyparsing/core.py", line 4634, in parseImpl
  File "pyparsing/core.py", line 989, in _parseNoCache
  File "pyparsing/core.py", line 281, in wrapper
  File "buggy_ipyparse/ipv4_stv.py", line 80, in convert_octet
buggy_ipyparse.ipv4_stv.InvalidityBug: One of the octets are empty

============================================================
Iteration 70 | 6 | 865.0s
Input: '2}55.255.255.25555555'
Running the IPv4 parser with ipstr: 2}55.255.255.25555555
============================================================
TRACEBACK
============================================================
============================================================
A validity bug has been triggered: Expected '.', found '}'  (at char 1), (line:1, col:2)
Saved bug count report and tracebacks for the bugs encountered!
Final bug count: defaultdict(<class 'int'>, {('validity', <class 'pyparsing.exceptions.ParseException'>, "Expected '.', found '}'  (at char 1), (line:1, col:2)", 'pyparsing/core.py', 1340): 1})
[STDERR]
Traceback (most recent call last):
  File "ipv4_parser_stv.py", line 220, in <module>
  File "pyparsing/core.py", line 1340, in parse_string
pyparsing.exceptions.ParseException: Expected '.', found '}'  (at char 1), (line:1, col:2)

============================================================
Iteration 71 | 6 | 876.4s
Input: '239E.255.255255.255255.255255.255255.255.255'
Running the IPv4 parser with ipstr: 239E.255.255255.255255.255255.255255.255.255
============================================================
TRACEBACK
============================================================
============================================================
A validity bug has been triggered: Expected '.', found 'E'  (at char 3), (line:1, col:4)
Saved bug count report and tracebacks for the bugs encountered!
Final bug count: defaultdict(<class 'int'>, {('validity', <class 'pyparsing.exceptions.ParseException'>, "Expected '.', found 'E'  (at char 3), (line:1, col:4)", 'pyparsing/core.py', 1340): 1})
[STDERR]
Traceback (most recent call last):
  File "ipv4_parser_stv.py", line 220, in <module>
  File "pyparsing/core.py", line 1340, in parse_string
pyparsing.exceptions.ParseException: Expected '.', found 'E'  (at char 3), (line:1, col:4)

============================================================
Iteration 72 | 2 | 887.8s
Input: '10.0.0...1'
Running the IPv4 parser with ipstr: 10.0.0...1
An invalidity bug has been triggered: One of the octets are empty
============================================================
TRACEBACK
============================================================
============================================================
Saved bug count report and tracebacks for the bugs encountered!
Final bug count: defaultdict(<class 'int'>, {('invalidity', <class 'buggy_ipyparse.ipv4_stv.InvalidityBug'>, 'One of the octets are empty', 'buggy_ipyparse/ipv4_stv.py', 80): 1})
[STDERR]
Traceback (most recent call last):
  File "ipv4_parser_stv.py", line 220, in <module>
  File "pyparsing/core.py", line 1328, in parse_string
  File "pyparsing/core.py", line 950, in _parseNoCache
  File "pyparsing/core.py", line 5155, in parseImpl
  File "pyparsing/core.py", line 950, in _parseNoCache
  File "pyparsing/core.py", line 4634, in parseImpl
  File "pyparsing/core.py", line 950, in _parseNoCache
  File "pyparsing/core.py", line 4634, in parseImpl
  File "pyparsing/core.py", line 989, in _parseNoCache
  File "pyparsing/core.py", line 281, in wrapper
  File "buggy_ipyparse/ipv4_stv.py", line 80, in convert_octet
buggy_ipyparse.ipv4_stv.InvalidityBug: One of the octets are empty

============================================================
Iteration 73 | 4 | 913.9s
Input: '10.0.0.0.0.0.0.0.0.0.0.0.0.0.0.'
Running the IPv4 parser with ipstr: 10.0.0.0.0.0.0.0.0.0.0.0.0.0.0.
A functional bug has been triggered: Invalid ipv4 calculation.
============================================================
TRACEBACK
============================================================
============================================================
Saved bug count report and tracebacks for the bugs encountered!
Final bug count: defaultdict(<class 'int'>, {('functional', <class 'buggy_ipyparse.ipv4_stv.FunctionalBug'>, 'Invalid ipv4 calculation.', 'buggy_ipyparse/ipv4_stv.py', 134): 1})
[STDERR]
Traceback (most recent call last):
  File "ipv4_parser_stv.py", line 220, in <module>
  File "pyparsing/core.py", line 1328, in parse_string
  File "pyparsing/core.py", line 989, in _parseNoCache
  File "pyparsing/core.py", line 284, in wrapper
  File "buggy_ipyparse/ipv4_stv.py", line 134, in convert_ipv4
buggy_ipyparse.ipv4_stv.FunctionalBug: Invalid ipv4 calculation.

============================================================
Iteration 74 | 2 | 925.3s
Input: '111111111111.2.3.4'
Running the IPv4 parser with ipstr: 111111111111.2.3.4
============================================================
TRACEBACK
============================================================
============================================================
Saved bug count report and tracebacks for the bugs encountered!
Final bug count: defaultdict(<class 'int'>, {('invalidity', <class 'pyparsing.exceptions.ParseException'>, "Expected '.', found '111111111'  (at char 3), (line:1, col:4)", 'pyparsing/core.py', 1340): 1})
[STDERR]
Traceback (most recent call last):
  File "ipv4_parser_stv.py", line 220, in <module>
  File "pyparsing/core.py", line 1340, in parse_string
pyparsing.exceptions.ParseException: Expected '.', found '111111111'  (at char 3), (line:1, col:4)

============================================================
Iteration 75 | 2 | 936.7s
Input: '1.2.32.32.32.3232.3232.3232.3232.3232.3232.3232.3232.3232.32.3{.4'
Running the IPv4 parser with ipstr: 1.2.32.32.32.3232.3232.3232.3232.3232.3232.3232.3232.3232.32.3{.4
============================================================
TRACEBACK
============================================================
============================================================
Saved bug count report and tracebacks for the bugs encountered!
Final bug count: defaultdict(<class 'int'>, {('invalidity', <class 'pyparsing.exceptions.ParseException'>, "Expected end of text, found '.'  (at char 9), (line:1, col:10)", 'pyparsing/core.py', 1340): 1})
[STDERR]
Traceback (most recent call last):
  File "ipv4_parser_stv.py", line 220, in <module>
  File "pyparsing/core.py", line 1340, in parse_string
pyparsing.exceptions.ParseException: Expected end of text, found '.'  (at char 9), (line:1, col:10)

============================================================
Iteration 76 | 2 | 948.1s
Input: '10.0.0..0.0..0.0..0.0..0.0..0.0.1'
Running the IPv4 parser with ipstr: 10.0.0..0.0..0.0..0.0..0.0..0.0.1
An invalidity bug has been triggered: One of the octets are empty
============================================================
TRACEBACK
============================================================
============================================================
Saved bug count report and tracebacks for the bugs encountered!
Final bug count: defaultdict(<class 'int'>, {('invalidity', <class 'buggy_ipyparse.ipv4_stv.InvalidityBug'>, 'One of the octets are empty', 'buggy_ipyparse/ipv4_stv.py', 80): 1})
[STDERR]
Traceback (most recent call last):
  File "ipv4_parser_stv.py", line 220, in <module>
  File "pyparsing/core.py", line 1328, in parse_string
  File "pyparsing/core.py", line 950, in _parseNoCache
  File "pyparsing/core.py", line 5155, in parseImpl
  File "pyparsing/core.py", line 950, in _parseNoCache
  File "pyparsing/core.py", line 4634, in parseImpl
  File "pyparsing/core.py", line 950, in _parseNoCache
  File "pyparsing/core.py", line 4634, in parseImpl
  File "pyparsing/core.py", line 989, in _parseNoCache
  File "pyparsing/core.py", line 281, in wrapper
  File "buggy_ipyparse/ipv4_stv.py", line 80, in convert_octet
buggy_ipyparse.ipv4_stv.InvalidityBug: One of the octets are empty

============================================================
Iteration 77 | 2 | 959.5s
Input: '111111111111.2.3.4'
Running the IPv4 parser with ipstr: 111111111111.2.3.4
============================================================
TRACEBACK
============================================================
============================================================
Saved bug count report and tracebacks for the bugs encountered!
Final bug count: defaultdict(<class 'int'>, {('invalidity', <class 'pyparsing.exceptions.ParseException'>, "Expected '.', found '111111111'  (at char 3), (line:1, col:4)", 'pyparsing/core.py', 1340): 1})
[STDERR]
Traceback (most recent call last):
  File "ipv4_parser_stv.py", line 220, in <module>
  File "pyparsing/core.py", line 1340, in parse_string
pyparsing.exceptions.ParseException: Expected '.', found '111111111'  (at char 3), (line:1, col:4)

============================================================
Iteration 78 | 2 | 970.9s
Input: '09.10.99.100100100'
Running the IPv4 parser with ipstr: 09.10.99.100100100
============================================================
TRACEBACK
============================================================
============================================================
Saved bug count report and tracebacks for the bugs encountered!
Final bug count: defaultdict(<class 'int'>, {('invalidity', <class 'pyparsing.exceptions.ParseException'>, "Expected end of text, found '100100'  (at char 12), (line:1, col:13)", 'pyparsing/core.py', 1340): 1})
[STDERR]
Traceback (most recent call last):
  File "ipv4_parser_stv.py", line 220, in <module>
  File "pyparsing/core.py", line 1340, in parse_string
pyparsing.exceptions.ParseException: Expected end of text, found '100100'  (at char 12), (line:1, col:13)

============================================================
Iteration 79 | 4 | 982.3s
Input: '127.0.0.1.1'
Running the IPv4 parser with ipstr: 127.0.0.1.1
A functional bug has been triggered: Invalid ipv4 calculation.
============================================================
TRACEBACK
============================================================
============================================================
Saved bug count report and tracebacks for the bugs encountered!
Final bug count: defaultdict(<class 'int'>, {('functional', <class 'buggy_ipyparse.ipv4_stv.FunctionalBug'>, 'Invalid ipv4 calculation.', 'buggy_ipyparse/ipv4_stv.py', 134): 1})
[STDERR]
Traceback (most recent call last):
  File "ipv4_parser_stv.py", line 220, in <module>
  File "pyparsing/core.py", line 1328, in parse_string
  File "pyparsing/core.py", line 989, in _parseNoCache
  File "pyparsing/core.py", line 284, in wrapper
  File "buggy_ipyparse/ipv4_stv.py", line 134, in convert_ipv4
buggy_ipyparse.ipv4_stv.FunctionalBug: Invalid ipv4 calculation.

============================================================
Iteration 80 | 2 | 993.7s
Input: '09.10.99.10.99.10.99.10.99.100'
Running the IPv4 parser with ipstr: 09.10.99.10.99.10.99.10.99.100
============================================================
TRACEBACK
============================================================
============================================================
Saved bug count report and tracebacks for the bugs encountered!
Final bug count: defaultdict(<class 'int'>, {('invalidity', <class 'pyparsing.exceptions.ParseException'>, "Expected end of text, found '.'  (at char 11), (line:1, col:12)", 'pyparsing/core.py', 1340): 1})
[STDERR]
Traceback (most recent call last):
  File "ipv4_parser_stv.py", line 220, in <module>
  File "pyparsing/core.py", line 1340, in parse_string
pyparsing.exceptions.ParseException: Expected end of text, found '.'  (at char 11), (line:1, col:12)

============================================================
Iteration 81 | 6 | 1005.0s
Input: '127.2255.'
Running the IPv4 parser with ipstr: 127.2255.
============================================================
TRACEBACK
============================================================
============================================================
A validity bug has been triggered: Expected '.', found '5'  (at char 7), (line:1, col:8)
Saved bug count report and tracebacks for the bugs encountered!
Final bug count: defaultdict(<class 'int'>, {('validity', <class 'pyparsing.exceptions.ParseException'>, "Expected '.', found '5'  (at char 7), (line:1, col:8)", 'pyparsing/core.py', 1340): 1})
[STDERR]
Traceback (most recent call last):
  File "ipv4_parser_stv.py", line 220, in <module>
  File "pyparsing/core.py", line 1340, in parse_string
pyparsing.exceptions.ParseException: Expected '.', found '5'  (at char 7), (line:1, col:8)

============================================================
Iteration 82 | 2 | 1016.5s
Input: '192.168.1.11111'
Running the IPv4 parser with ipstr: 192.168.1.11111
============================================================
TRACEBACK
============================================================
============================================================
Saved bug count report and tracebacks for the bugs encountered!
Final bug count: defaultdict(<class 'int'>, {('invalidity', <class 'pyparsing.exceptions.ParseException'>, "Expected end of text, found '11'  (at char 13), (line:1, col:14)", 'pyparsing/core.py', 1340): 1})
[STDERR]
Traceback (most recent call last):
  File "ipv4_parser_stv.py", line 220, in <module>
  File "pyparsing/core.py", line 1340, in parse_string
pyparsing.exceptions.ParseException: Expected end of text, found '11'  (at char 13), (line:1, col:14)

============================================================
Iteration 83 | 2 | 1027.8s
Input: '1.2;.3.1.2;.3.1.2;.3.1.2;.3.1.2;.3.1.2;.3.1.2;.3.4'
Running the IPv4 parser with ipstr: 1.2;.3.1.2;.3.1.2;.3.1.2;.3.1.2;.3.1.2;.3.1.2;.3.4
============================================================
TRACEBACK
============================================================
============================================================
Saved bug count report and tracebacks for the bugs encountered!
Final bug count: defaultdict(<class 'int'>, {('invalidity', <class 'pyparsing.exceptions.ParseException'>, "Expected '.', found ';'  (at char 3), (line:1, col:4)", 'pyparsing/core.py', 1340): 1})
[STDERR]
Traceback (most recent call last):
  File "ipv4_parser_stv.py", line 220, in <module>
  File "pyparsing/core.py", line 1340, in parse_string
pyparsing.exceptions.ParseException: Expected '.', found ';'  (at char 3), (line:1, col:4)

============================================================
Iteration 84 | 4 | 1039.7s
Input: '127.000000.0.1'
Running the IPv4 parser with ipstr: 127.000000.0.1
A functional bug has been triggered: Invalid ipv4 calculation.
============================================================
TRACEBACK
============================================================
============================================================
Saved bug count report and tracebacks for the bugs encountered!
Final bug count: defaultdict(<class 'int'>, {('functional', <class 'buggy_ipyparse.ipv4_stv.FunctionalBug'>, 'Invalid ipv4 calculation.', 'buggy_ipyparse/ipv4_stv.py', 134): 1})
[STDERR]
Traceback (most recent call last):
  File "ipv4_parser_stv.py", line 220, in <module>
  File "pyparsing/core.py", line 1328, in parse_string
  File "pyparsing/core.py", line 989, in _parseNoCache
  File "pyparsing/core.py", line 284, in wrapper
  File "buggy_ipyparse/ipv4_stv.py", line 134, in convert_ipv4
buggy_ipyparse.ipv4_stv.FunctionalBug: Invalid ipv4 calculation.

============================================================
Iteration 85 | 2 | 1053.8s
Input: '1921168..168..168..168..168..168..168..168..168..168...1'
Running the IPv4 parser with ipstr: 1921168..168..168..168..168..168..168..168..168..168...1
============================================================
TRACEBACK
============================================================
============================================================
Saved bug count report and tracebacks for the bugs encountered!
Final bug count: defaultdict(<class 'int'>, {('invalidity', <class 'pyparsing.exceptions.ParseException'>, "Expected '.', found '1168'  (at char 3), (line:1, col:4)", 'pyparsing/core.py', 1340): 1})
[STDERR]
Traceback (most recent call last):
  File "ipv4_parser_stv.py", line 220, in <module>
  File "pyparsing/core.py", line 1340, in parse_string
pyparsing.exceptions.ParseException: Expected '.', found '1168'  (at char 3), (line:1, col:4)

============================================================
Iteration 86 | 2 | 1065.4s
Input: '1.2.3..3..3..3..3..3..3..3..3..3.4'
Running the IPv4 parser with ipstr: 1.2.3..3..3..3..3..3..3..3..3..3.4
An invalidity bug has been triggered: One of the octets are empty
============================================================
TRACEBACK
============================================================
============================================================
Saved bug count report and tracebacks for the bugs encountered!
Final bug count: defaultdict(<class 'int'>, {('invalidity', <class 'buggy_ipyparse.ipv4_stv.InvalidityBug'>, 'One of the octets are empty', 'buggy_ipyparse/ipv4_stv.py', 80): 1})
[STDERR]
Traceback (most recent call last):
  File "ipv4_parser_stv.py", line 220, in <module>
  File "pyparsing/core.py", line 1328, in parse_string
  File "pyparsing/core.py", line 950, in _parseNoCache
  File "pyparsing/core.py", line 5155, in parseImpl
  File "pyparsing/core.py", line 950, in _parseNoCache
  File "pyparsing/core.py", line 4634, in parseImpl
  File "pyparsing/core.py", line 950, in _parseNoCache
  File "pyparsing/core.py", line 4634, in parseImpl
  File "pyparsing/core.py", line 989, in _parseNoCache
  File "pyparsing/core.py", line 281, in wrapper
  File "buggy_ipyparse/ipv4_stv.py", line 80, in convert_octet
buggy_ipyparse.ipv4_stv.InvalidityBug: One of the octets are empty

============================================================
Iteration 87 | 6 | 1077.0s
Input: '2]55.255.255.255.255.255.255.255.255.255.255.255.255'
Running the IPv4 parser with ipstr: 2]55.255.255.255.255.255.255.255.255.255.255.255.255
============================================================
TRACEBACK
============================================================
============================================================
A validity bug has been triggered: Expected '.', found ']'  (at char 1), (line:1, col:2)
Saved bug count report and tracebacks for the bugs encountered!
Final bug count: defaultdict(<class 'int'>, {('validity', <class 'pyparsing.exceptions.ParseException'>, "Expected '.', found ']'  (at char 1), (line:1, col:2)", 'pyparsing/core.py', 1340): 1})
[STDERR]
Traceback (most recent call last):
  File "ipv4_parser_stv.py", line 220, in <module>
  File "pyparsing/core.py", line 1340, in parse_string
pyparsing.exceptions.ParseException: Expected '.', found ']'  (at char 1), (line:1, col:2)

============================================================
Iteration 88 | 2 | 1088.8s
Input: '192.168.1.11111.1'
Running the IPv4 parser with ipstr: 192.168.1.11111.1
============================================================
TRACEBACK
============================================================
============================================================
Saved bug count report and tracebacks for the bugs encountered!
Final bug count: defaultdict(<class 'int'>, {('invalidity', <class 'pyparsing.exceptions.ParseException'>, "Expected end of text, found '11'  (at char 13), (line:1, col:14)", 'pyparsing/core.py', 1340): 1})
[STDERR]
Traceback (most recent call last):
  File "ipv4_parser_stv.py", line 220, in <module>
  File "pyparsing/core.py", line 1340, in parse_string
pyparsing.exceptions.ParseException: Expected end of text, found '11'  (at char 13), (line:1, col:14)

============================================================
Iteration 89 | 2 | 1100.5s
Input: '111m111111..2.314'
Running the IPv4 parser with ipstr: 111m111111..2.314
============================================================
TRACEBACK
============================================================
============================================================
Saved bug count report and tracebacks for the bugs encountered!
Final bug count: defaultdict(<class 'int'>, {('invalidity', <class 'pyparsing.exceptions.ParseException'>, "Expected '.', found 'm111111'  (at char 3), (line:1, col:4)", 'pyparsing/core.py', 1340): 1})
[STDERR]
Traceback (most recent call last):
  File "ipv4_parser_stv.py", line 220, in <module>
  File "pyparsing/core.py", line 1340, in parse_string
pyparsing.exceptions.ParseException: Expected '.', found 'm111111'  (at char 3), (line:1, col:4)

============================================================
Iteration 90 | 6 | 1112.0s
Input: '255.255.255.2555.255.2555.255.255'
Running the IPv4 parser with ipstr: 255.255.255.2555.255.2555.255.255
============================================================
TRACEBACK
============================================================
============================================================
A validity bug has been triggered: Expected '.', found '5'  (at char 2), (line:1, col:3)
Saved bug count report and tracebacks for the bugs encountered!
Final bug count: defaultdict(<class 'int'>, {('validity', <class 'pyparsing.exceptions.ParseException'>, "Expected '.', found '5'  (at char 2), (line:1, col:3)", 'pyparsing/core.py', 1340): 1})
[STDERR]
Traceback (most recent call last):
  File "ipv4_parser_stv.py", line 220, in <module>
  File "pyparsing/core.py", line 1340, in parse_string
pyparsing.exceptions.ParseException: Expected '.', found '5'  (at char 2), (line:1, col:3)

============================================================
Iteration 91 | 4 | 1123.7s
Input: '10.0.0.0.0.0.0.0.1'
Running the IPv4 parser with ipstr: 10.0.0.0.0.0.0.0.1
A functional bug has been triggered: Invalid ipv4 calculation.
============================================================
TRACEBACK
============================================================
============================================================
Saved bug count report and tracebacks for the bugs encountered!
Final bug count: defaultdict(<class 'int'>, {('functional', <class 'buggy_ipyparse.ipv4_stv.FunctionalBug'>, 'Invalid ipv4 calculation.', 'buggy_ipyparse/ipv4_stv.py', 134): 1})
[STDERR]
Traceback (most recent call last):
  File "ipv4_parser_stv.py", line 220, in <module>
  File "pyparsing/core.py", line 1328, in parse_string
  File "pyparsing/core.py", line 989, in _parseNoCache
  File "pyparsing/core.py", line 284, in wrapper
  File "buggy_ipyparse/ipv4_stv.py", line 134, in convert_ipv4
buggy_ipyparse.ipv4_stv.FunctionalBug: Invalid ipv4 calculation.

============================================================
Iteration 92 | 2 | 1135.4s
Input: '09.10.99.100.1'
Running the IPv4 parser with ipstr: 09.10.99.100.1
============================================================
TRACEBACK
============================================================
============================================================
Saved bug count report and tracebacks for the bugs encountered!
Final bug count: defaultdict(<class 'int'>, {('invalidity', <class 'pyparsing.exceptions.ParseException'>, "Expected end of text, found '.'  (at char 12), (line:1, col:13)", 'pyparsing/core.py', 1340): 1})
[STDERR]
Traceback (most recent call last):
  File "ipv4_parser_stv.py", line 220, in <module>
  File "pyparsing/core.py", line 1340, in parse_string
pyparsing.exceptions.ParseException: Expected end of text, found '.'  (at char 12), (line:1, col:13)

============================================================
Iteration 93 | 2 | 1147.0s
Input: '1.<2.3.4'
Running the IPv4 parser with ipstr: 1.<2.3.4
An invalidity bug has been triggered: One of the octets are empty
============================================================
TRACEBACK
============================================================
============================================================
Saved bug count report and tracebacks for the bugs encountered!
Final bug count: defaultdict(<class 'int'>, {('invalidity', <class 'buggy_ipyparse.ipv4_stv.InvalidityBug'>, 'One of the octets are empty', 'buggy_ipyparse/ipv4_stv.py', 80): 1})
[STDERR]
Traceback (most recent call last):
  File "ipv4_parser_stv.py", line 220, in <module>
  File "pyparsing/core.py", line 1328, in parse_string
  File "pyparsing/core.py", line 950, in _parseNoCache
  File "pyparsing/core.py", line 5155, in parseImpl
  File "pyparsing/core.py", line 950, in _parseNoCache
  File "pyparsing/core.py", line 4634, in parseImpl
  File "pyparsing/core.py", line 950, in _parseNoCache
  File "pyparsing/core.py", line 4634, in parseImpl
  File "pyparsing/core.py", line 989, in _parseNoCache
  File "pyparsing/core.py", line 281, in wrapper
  File "buggy_ipyparse/ipv4_stv.py", line 80, in convert_octet
buggy_ipyparse.ipv4_stv.InvalidityBug: One of the octets are empty

============================================================
Iteration 94 | 6 | 1158.7s
Input: '255.255.255.255.255.255.255.255.255.255.255'
Running the IPv4 parser with ipstr: 255.255.255.255.255.255.255.255.255.255.255
============================================================
TRACEBACK
============================================================
============================================================
A validity bug has been triggered: Expected '.', found '5'  (at char 2), (line:1, col:3)
Saved bug count report and tracebacks for the bugs encountered!
Final bug count: defaultdict(<class 'int'>, {('validity', <class 'pyparsing.exceptions.ParseException'>, "Expected '.', found '5'  (at char 2), (line:1, col:3)", 'pyparsing/core.py', 1340): 1})
[STDERR]
Traceback (most recent call last):
  File "ipv4_parser_stv.py", line 220, in <module>
  File "pyparsing/core.py", line 1340, in parse_string
pyparsing.exceptions.ParseException: Expected '.', found '5'  (at char 2), (line:1, col:3)

============================================================
Iteration 95 | 2 | 1170.2s
Input: '192.168.192.168.192.168.192.168.192.168.192.168.192.168.192.168.192.168.192.168.1.1.1'
Running the IPv4 parser with ipstr: 192.168.192.168.192.168.192.168.192.168.192.168.192.168.192.168.192.168.192.168.1.1.1
============================================================
TRACEBACK
============================================================
============================================================
Saved bug count report and tracebacks for the bugs encountered!
Final bug count: defaultdict(<class 'int'>, {('invalidity', <class 'pyparsing.exceptions.ParseException'>, "Expected end of text, found '.'  (at char 15), (line:1, col:16)", 'pyparsing/core.py', 1340): 1})
[STDERR]
Traceback (most recent call last):
  File "ipv4_parser_stv.py", line 220, in <module>
  File "pyparsing/core.py", line 1340, in parse_string
pyparsing.exceptions.ParseException: Expected end of text, found '.'  (at char 15), (line:1, col:16)

============================================================
Iteration 96 | 2 | 1181.7s
Input: '1\n92.168.1..1..1..1..1..1..1..1.1'
Running the IPv4 parser with ipstr: 1
92.168.1..1..1..1..1..1..1..1.1
============================================================
TRACEBACK
============================================================
============================================================
Saved bug count report and tracebacks for the bugs encountered!
Final bug count: defaultdict(<class 'int'>, {('invalidity', <class 'pyparsing.exceptions.ParseException'>, "Expected '.', found '\\n'  (at char 1), (line:1, col:2)", 'pyparsing/core.py', 1340): 1})
[STDERR]
Traceback (most recent call last):
  File "ipv4_parser_stv.py", line 220, in <module>
  File "pyparsing/core.py", line 1340, in parse_string
pyparsing.exceptions.ParseException: Expected '.', found '\n'  (at char 1), (line:1, col:2)

============================================================
Iteration 97 | 2 | 1193.2s
Input: '1.2....3.4'
Running the IPv4 parser with ipstr: 1.2....3.4
An invalidity bug has been triggered: One of the octets are empty
============================================================
TRACEBACK
============================================================
============================================================
Saved bug count report and tracebacks for the bugs encountered!
Final bug count: defaultdict(<class 'int'>, {('invalidity', <class 'buggy_ipyparse.ipv4_stv.InvalidityBug'>, 'One of the octets are empty', 'buggy_ipyparse/ipv4_stv.py', 80): 1})
[STDERR]
Traceback (most recent call last):
  File "ipv4_parser_stv.py", line 220, in <module>
  File "pyparsing/core.py", line 1328, in parse_string
  File "pyparsing/core.py", line 950, in _parseNoCache
  File "pyparsing/core.py", line 5155, in parseImpl
  File "pyparsing/core.py", line 950, in _parseNoCache
  File "pyparsing/core.py", line 4634, in parseImpl
  File "pyparsing/core.py", line 950, in _parseNoCache
  File "pyparsing/core.py", line 4634, in parseImpl
  File "pyparsing/core.py", line 989, in _parseNoCache
  File "pyparsing/core.py", line 281, in wrapper
  File "buggy_ipyparse/ipv4_stv.py", line 80, in convert_octet
buggy_ipyparse.ipv4_stv.InvalidityBug: One of the octets are empty
