================================================================================
Timestamp : 2026-02-28 13:37:18.242404+00:00
Bug Type  : invalidity
Exception: ParseException: Expected '.', found '6'  (at char 2), (line:1, col:3)

Traceback:
Traceback (most recent call last):
  File "ipv4_parser_stv.py", line 220, in <module>
  File "pyparsing\core.py", line 1340, in parse_string
pyparsing.exceptions.ParseException: Expected '.', found '6'  (at char 2), (line:1, col:3)


================================================================================
Timestamp : 2026-03-04 11:02:30.731024+00:00
Bug Type  : invalidity
Exception: JSONDecodeError: Expecting value: line 1 column 6 (char 5)

Traceback:
Traceback (most recent call last):
  File "/Users/weiyang/Documents/SUTD/Term 6/Software Testing and Verification/STV_Project_Group_2/json-decoder/json_decoder_stv.py", line 262, in <module>
    data = loads(args.str_json)
          ^^^^^^^^^^^^^^^^^^^^
  File "/Users/weiyang/Documents/SUTD/Term 6/Software Testing and Verification/STV_Project_Group_2/json-decoder/buggy_json/__init__.py", line 134, in loads
    return _default_decoder.decode(s)
           ^^^^^^^^^^^^^^^^^^^^^^^^^^
  File "/Users/weiyang/Documents/SUTD/Term 6/Software Testing and Verification/STV_Project_Group_2/json-decoder/buggy_json/decoder_stv.py", line 366, in decode
    obj, end = self.raw_decode(s, idx=_w(s, 0).end())
               ^^^^^^^^^^^^^^^^^^^^^^^^^^^^^^^^^^^^^^
  File "/Users/weiyang/Documents/SUTD/Term 6/Software Testing and Verification/STV_Project_Group_2/json-decoder/buggy_json/decoder_stv.py", line 382, in raw_decode
    obj, end = self.scan_once(s, idx)
               ^^^^^^^^^^^^^^^^^^^^^^
  File "/Users/weiyang/Documents/SUTD/Term 6/Software Testing and Verification/STV_Project_Group_2/json-decoder/buggy_json/scanner_stv.py", line 63, in scan_once
    return _scan_once(string, idx)
           ^^^^^^^^^^^^^^^^^^^^^^^
  File "/Users/weiyang/Documents/SUTD/Term 6/Software Testing and Verification/STV_Project_Group_2/json-decoder/buggy_json/scanner_stv.py", line 33, in _scan_once
    return parse_object((string, idx + 1), strict,
           ^^^^^^^^^^^^^^^^^^^^^^^^^^^^^^^^^^^^^^^
  File "/Users/weiyang/Documents/SUTD/Term 6/Software Testing and Verification/STV_Project_Group_2/json-decoder/buggy_json/decoder_stv.py", line 210, in JSONObject
    raise JSONDecodeError("Expecting value", s, err.value) from None
buggy_json.decoder_stv.JSONDecodeError: Expecting value: line 1 column 6 (char 5)


