
============================================================
Iteration 1 | 2 | 0.0s
Input: '171.6'
Running the IPv4 parser with ipstr: 171.6
============================================================
TRACEBACK
============================================================
============================================================
Saved bug count report and tracebacks for the bugs encountered!
Final bug count: defaultdict(<class 'int'>, {('invalidity', <class 'pyparsing.exceptions.ParseException'>, "Expected '.', found end of text  (at char 5), (line:1, col:6)", 'pyparsing/core.py', 1340): 1})
[STDERR]
Traceback (most recent call last):
  File "pyparsing/core.py", line 950, in _parseNoCache
  File "pyparsing/core.py", line 2771, in parseImpl
IndexError: string index out of range

During handling of the above exception, another exception occurred:

Traceback (most recent call last):
  File "ipv4_parser_stv.py", line 220, in <module>
  File "pyparsing/core.py", line 1340, in parse_string
pyparsing.exceptions.ParseException: Expected '.', found end of text  (at char 5), (line:1, col:6)

============================================================
Iteration 2 | 2 | 23.1s
Input: '949.851.g456.758'
Running the IPv4 parser with ipstr: 949.851.g456.758
============================================================
TRACEBACK
============================================================
============================================================
Saved bug count report and tracebacks for the bugs encountered!
Final bug count: defaultdict(<class 'int'>, {('invalidity', <class 'pyparsing.exceptions.ParseException'>, "Expected '.', found '9'  (at char 2), (line:1, col:3)", 'pyparsing/core.py', 1340): 1})
[STDERR]
Traceback (most recent call last):
  File "ipv4_parser_stv.py", line 220, in <module>
  File "pyparsing/core.py", line 1340, in parse_string
pyparsing.exceptions.ParseException: Expected '.', found '9'  (at char 2), (line:1, col:3)

============================================================
Iteration 3 | 2 | 34.7s
Input: '50.100.237.137.137.137.137.137.137.134'
Running the IPv4 parser with ipstr: 50.100.237.137.137.137.137.137.137.134
============================================================
TRACEBACK
============================================================
============================================================
Saved bug count report and tracebacks for the bugs encountered!
Final bug count: defaultdict(<class 'int'>, {('invalidity', <class 'pyparsing.exceptions.ParseException'>, "Expected end of text, found '.'  (at char 14), (line:1, col:15)", 'pyparsing/core.py', 1340): 1})
[STDERR]
Traceback (most recent call last):
  File "ipv4_parser_stv.py", line 220, in <module>
  File "pyparsing/core.py", line 1340, in parse_string
pyparsing.exceptions.ParseException: Expected end of text, found '.'  (at char 14), (line:1, col:15)

============================================================
Iteration 4 | 2 | 46.3s
Input: '674.818.355..355..355..355..355.605'
Running the IPv4 parser with ipstr: 674.818.355..355..355..355..355.605
============================================================
TRACEBACK
============================================================
============================================================
Saved bug count report and tracebacks for the bugs encountered!
Final bug count: defaultdict(<class 'int'>, {('invalidity', <class 'pyparsing.exceptions.ParseException'>, "Expected '.', found '4'  (at char 2), (line:1, col:3)", 'pyparsing/core.py', 1340): 1})
[STDERR]
Traceback (most recent call last):
  File "ipv4_parser_stv.py", line 220, in <module>
  File "pyparsing/core.py", line 1340, in parse_string
pyparsing.exceptions.ParseException: Expected '.', found '4'  (at char 2), (line:1, col:3)

============================================================
Iteration 5 | 2 | 57.9s
Input: '09:.10.99.100'
Running the IPv4 parser with ipstr: 09:.10.99.100
============================================================
TRACEBACK
============================================================
============================================================
Saved bug count report and tracebacks for the bugs encountered!
Final bug count: defaultdict(<class 'int'>, {('invalidity', <class 'pyparsing.exceptions.ParseException'>, "Expected '.', found ':'  (at char 2), (line:1, col:3)", 'pyparsing/core.py', 1340): 1})
[STDERR]
Traceback (most recent call last):
  File "ipv4_parser_stv.py", line 220, in <module>
  File "pyparsing/core.py", line 1340, in parse_string
pyparsing.exceptions.ParseException: Expected '.', found ':'  (at char 2), (line:1, col:3)
